Using pre-set license
Built from '2022.3/staging' branch; Version is '2022.3.15f1 (b58023a2b463) revision 11894819'; Using compiler version '192829333'; Build Type 'Release'
OS: 'Windows 11  (10.0.22631) 64bit Professional' Language: 'ru' Physical Memory: 16088 MB
BatchMode: 1, IsHumanControllingUs: 0, StartBugReporterOnCrash: 0, Is64bit: 1, IsPro: 1

COMMAND LINE ARGUMENTS:
C:\Program Files\Unity\Hub\Editor\2022.3.15f1\Editor\Unity.exe
-adb2
-batchMode
-noUpm
-name
AssetImportWorker1
-projectPath
C:/Users/sedus/OneDrive/Рабочий стол/домашка/prolect
-logFile
Logs/AssetImportWorker1.log
-srvPort
57358
Successfully changed project path to: C:/Users/sedus/OneDrive/Рабочий стол/домашка/prolect
C:/Users/sedus/OneDrive/Рабочий стол/домашка/prolect
[UnityMemory] Configuration Parameters - Can be set up in boot.config
    "memorysetup-bucket-allocator-granularity=16"
    "memorysetup-bucket-allocator-bucket-count=8"
    "memorysetup-bucket-allocator-block-size=33554432"
    "memorysetup-bucket-allocator-block-count=8"
    "memorysetup-main-allocator-block-size=16777216"
    "memorysetup-thread-allocator-block-size=16777216"
    "memorysetup-gfx-main-allocator-block-size=16777216"
    "memorysetup-gfx-thread-allocator-block-size=16777216"
    "memorysetup-cache-allocator-block-size=4194304"
    "memorysetup-typetree-allocator-block-size=2097152"
    "memorysetup-profiler-bucket-allocator-granularity=16"
    "memorysetup-profiler-bucket-allocator-bucket-count=8"
    "memorysetup-profiler-bucket-allocator-block-size=33554432"
    "memorysetup-profiler-bucket-allocator-block-count=8"
    "memorysetup-profiler-allocator-block-size=16777216"
    "memorysetup-profiler-editor-allocator-block-size=1048576"
    "memorysetup-temp-allocator-size-main=16777216"
    "memorysetup-job-temp-allocator-block-size=2097152"
    "memorysetup-job-temp-allocator-block-size-background=1048576"
    "memorysetup-job-temp-allocator-reduction-small-platforms=262144"
    "memorysetup-allocator-temp-initial-block-size-main=262144"
    "memorysetup-allocator-temp-initial-block-size-worker=262144"
    "memorysetup-temp-allocator-size-background-worker=32768"
    "memorysetup-temp-allocator-size-job-worker=262144"
    "memorysetup-temp-allocator-size-preload-manager=33554432"
    "memorysetup-temp-allocator-size-nav-mesh-worker=65536"
    "memorysetup-temp-allocator-size-audio-worker=65536"
    "memorysetup-temp-allocator-size-cloud-worker=32768"
    "memorysetup-temp-allocator-size-gi-baking-worker=262144"
    "memorysetup-temp-allocator-size-gfx=262144"
Player connection [14940] Host "[IP] 192.168.1.146 [Port] 0 [Flags] 2 [Guid] 1829263359 [EditorId] 1829263359 [Version] 1048832 [Id] WindowsEditor(7,Admin) [Debug] 1 [PackageName] WindowsEditor [ProjectName] Editor" joined multi-casting on [225.0.0.222:54997]...

Player connection [14940] Host "[IP] 192.168.1.146 [Port] 0 [Flags] 2 [Guid] 1829263359 [EditorId] 1829263359 [Version] 1048832 [Id] WindowsEditor(7,Admin) [Debug] 1 [PackageName] WindowsEditor [ProjectName] Editor" joined alternative multi-casting on [225.0.0.222:34997]...

[Physics::Module] Initialized MultithreadedJobDispatcher with 15 workers.
Refreshing native plugins compatible for Editor in 4.48 ms, found 3 plugins.
Preloading 0 native plugins for Editor in 0.00 ms.
Initialize engine version: 2022.3.15f1 (b58023a2b463)
[Subsystems] Discovering subsystems at path C:/Program Files/Unity/Hub/Editor/2022.3.15f1/Editor/Data/Resources/UnitySubsystems
[Subsystems] Discovering subsystems at path C:/Users/sedus/OneDrive/Рабочий стол/домашка/prolect/Assets
GfxDevice: creating device client; threaded=0; jobified=0
Direct3D:
    Version:  Direct3D 11.0 [level 11.1]
    Renderer: NVIDIA GeForce RTX 3050 Laptop GPU (ID=0x25a2)
    Vendor:   NVIDIA
    VRAM:     3977 MB
    Driver:   31.0.15.3598
Initialize mono
Mono path[0] = 'C:/Program Files/Unity/Hub/Editor/2022.3.15f1/Editor/Data/Managed'
Mono path[1] = 'C:/Program Files/Unity/Hub/Editor/2022.3.15f1/Editor/Data/MonoBleedingEdge/lib/mono/unityjit-win32'
Mono config path = 'C:/Program Files/Unity/Hub/Editor/2022.3.15f1/Editor/Data/MonoBleedingEdge/etc'
Using monoOptions --debugger-agent=transport=dt_socket,embedding=1,server=y,suspend=n,address=127.0.0.1:56456
Begin MonoManager ReloadAssembly
Registering precompiled unity dll's ...
Register platform support module: C:/Program Files/Unity/Hub/Editor/2022.3.15f1/Editor/Data/PlaybackEngines/WebGLSupport/UnityEditor.WebGL.Extensions.dll
Register platform support module: C:/Program Files/Unity/Hub/Editor/2022.3.15f1/Editor/Data/PlaybackEngines/AndroidPlayer/UnityEditor.Android.Extensions.dll
Register platform support module: C:/Program Files/Unity/Hub/Editor/2022.3.15f1/Editor/Data/PlaybackEngines/WindowsStandaloneSupport/UnityEditor.WindowsStandalone.Extensions.dll
Register platform support module: C:/Program Files/Unity/Hub/Editor/2022.3.15f1/Editor/Data/PlaybackEngines/MetroSupport/UnityEditor.UWP.Extensions.dll
Registered in 0.006087 seconds.
- Loaded All Assemblies, in  0.327 seconds
Native extension for UWP target not found
Native extension for WindowsStandalone target not found
Native extension for Android target not found
Android Extension - Scanning For ADB Devices 182 ms
Native extension for WebGL target not found
Mono: successfully reloaded assembly
- Finished resetting the current domain, in  0.434 seconds
Domain Reload Profiling: 760ms
	BeginReloadAssembly (113ms)
		ExecutionOrderSort (0ms)
		DisableScriptedObjects (0ms)
		BackupInstance (0ms)
		ReleaseScriptingObjects (0ms)
		CreateAndSetChildDomain (1ms)
	RebuildCommonClasses (29ms)
	RebuildNativeTypeToScriptingClass (8ms)
	initialDomainReloadingComplete (47ms)
	LoadAllAssembliesAndSetupDomain (129ms)
		LoadAssemblies (113ms)
		RebuildTransferFunctionScriptingTraits (0ms)
		AnalyzeDomain (126ms)
			TypeCache.Refresh (125ms)
				TypeCache.ScanAssembly (112ms)
			ScanForSourceGeneratedMonoScriptInfo (0ms)
			ResolveRequiredComponents (0ms)
	FinalizeReload (434ms)
		ReleaseScriptCaches (0ms)
		RebuildScriptCaches (0ms)
		SetupLoadedEditorAssemblies (389ms)
			LogAssemblyErrors (0ms)
			InitializePlatformSupportModulesInManaged (269ms)
			SetLoadedEditorAssemblies (3ms)
			RefreshPlugins (0ms)
			BeforeProcessingInitializeOnLoad (2ms)
			ProcessInitializeOnLoadAttributes (82ms)
			ProcessInitializeOnLoadMethodAttributes (34ms)
			AfterProcessingInitializeOnLoad (0ms)
			EditorAssembliesLoaded (0ms)
		ExecutionOrderSort2 (0ms)
		AwakeInstancesAfterBackupRestoration (0ms)
========================================================================
Worker process is ready to serve import requests
Begin MonoManager ReloadAssembly
- Loaded All Assemblies, in  2.773 seconds
Refreshing native plugins compatible for Editor in 1.65 ms, found 3 plugins.
Native extension for UWP target not found
Native extension for WindowsStandalone target not found
Native extension for Android target not found
Native extension for WebGL target not found
Package Manager log level set to [2]
[Package Manager] Server::EnsureServerProcessIsRunning -- launch failed, reason: Unity was launched with the -noUpm command-line argument
[Package Manager] UpmClient::Send -- Unable to send message (not connected to UPM process).
[Package Manager] Cannot connect to Unity Package Manager local server
Mono: successfully reloaded assembly
- Finished resetting the current domain, in  0.524 seconds
Domain Reload Profiling: 3296ms
	BeginReloadAssembly (105ms)
		ExecutionOrderSort (0ms)
		DisableScriptedObjects (4ms)
		BackupInstance (0ms)
		ReleaseScriptingObjects (0ms)
		CreateAndSetChildDomain (17ms)
	RebuildCommonClasses (23ms)
	RebuildNativeTypeToScriptingClass (7ms)
	initialDomainReloadingComplete (28ms)
	LoadAllAssembliesAndSetupDomain (2608ms)
		LoadAssemblies (2527ms)
		RebuildTransferFunctionScriptingTraits (0ms)
		AnalyzeDomain (142ms)
			TypeCache.Refresh (126ms)
				TypeCache.ScanAssembly (112ms)
			ScanForSourceGeneratedMonoScriptInfo (12ms)
			ResolveRequiredComponents (3ms)
	FinalizeReload (525ms)
		ReleaseScriptCaches (0ms)
		RebuildScriptCaches (0ms)
		SetupLoadedEditorAssemblies (418ms)
			LogAssemblyErrors (0ms)
			InitializePlatformSupportModulesInManaged (18ms)
			SetLoadedEditorAssemblies (2ms)
			RefreshPlugins (0ms)
			BeforeProcessingInitializeOnLoad (39ms)
			ProcessInitializeOnLoadAttributes (341ms)
			ProcessInitializeOnLoadMethodAttributes (14ms)
			AfterProcessingInitializeOnLoad (3ms)
			EditorAssembliesLoaded (0ms)
		ExecutionOrderSort2 (0ms)
		AwakeInstancesAfterBackupRestoration (5ms)
Launched and connected shader compiler UnityShaderCompiler.exe after 0.03 seconds
Refreshing native plugins compatible for Editor in 1.91 ms, found 3 plugins.
Preloading 0 native plugins for Editor in 0.00 ms.
Unloading 3400 Unused Serialized files (Serialized files now loaded: 0)
Unloading 33 unused Assets / (57.4 KB). Loaded Objects now: 3863.
Memory consumption went from 137.0 MB to 137.0 MB.
Total: 3.107200 ms (FindLiveObjects: 0.298400 ms CreateObjectMapping: 0.100200 ms MarkObjects: 2.601500 ms  DeleteObjects: 0.105800 ms)

AssetImportParameters requested are different than current active one (requested -> active):
  custom:container-demuxer-ogg: 62fdf1f143b41e24485cea50d1cbac27 -> 
  custom:video-codec-MediaFoundation-h265: 746d11721c4dcdbdad8f713fa42b33f4 -> 
  custom:scripting/monoscript/fileName/ArrayPool.cs: b62e0c23bd2ab197e5146f9826836769 -> 845536f7047de828bbec8d41393a75eb
  custom:scripting/monoscript/fileName/HashSetPool.cs: 567c0818ef4b448d4f9f05ec62589ffd -> 5a8e654da36fed6f4e04d9317b4310f3
  custom:scripting/monoscript/fileName/DictionaryPool.cs: 90647cc400823b41df847a6cbfc29026 -> 8f6297df34271fdb1ce2d9607ec6261d
  custom:video-decoder-ogg-theora: a1e56fd34408186e4bbccfd4996cb3dc -> 
  custom:framework-win-MediaFoundation: 216162199b28c13a410421893ffa2e32 -> 
  custom:CustomObjectIndexerAttribute: 43b350a4d6e6d1791af0b5038c4bea17 -> 
  custom:container-demuxer-webm: 4f35f7cbe854078d1ac9338744f61a02 -> 
  custom:container-muxer-webm: aa71ff27fc2769a1b78a27578f13a17b -> 
  custom:video-decoder-webm-vp8: 9c59270c3fd7afecdb556c50c9e8de78 -> 
  custom:SearchIndexIgnoredProperties: e643bd26f0fe6173181afceb89e7c659 -> 
  custom:AudioImporter_EditorPlatform: d09bf68614088b80899f8185d706f6e7 -> 
  custom:scripting/monoscript/fileName/TypeExtensions.cs: dcfbda865fe8349225c494951670deb0 -> e2efcb06e3cceda6d014d0879074b957
  custom:video-encoder-webm-vp8: eb34c28f22e8b96e1ab97ce403110664 -> 
  custom:audio-decoder-ogg-vorbis: bf7c407c2cedff20999df2af8eb42d56 -> 
  custom:audio-encoder-webm-vorbis: bf7c407c2cedff20999df2af8eb42d56 -> 
  custom:scripting/monoscript/fileName/ListPool.cs: 83eb6d84b88e8ca72e9441e5be527923 -> c900152183a6315a4d8a1e96ee0dae67
  custom:scripting/monoscript/fileName/FactorySubContainerBinderWithParams.cs:  -> 90647cc400823b41df847a6cbfc29026
  custom:scripting/monoscript/fileName/ConventionAssemblySelectionBinder.cs:  -> 15e936160b55202babd25057ba90d471
  custom:scripting/monoscript/fileName/LazyInstanceInjector.cs:  -> 5d3ec57e1f53c2bd4517f3360608a7d4
  custom:scripting/monoscript/fileName/StaticMemoryPoolRegistry.cs:  -> ce46a6ed2e3533078d2db1329eed03d8
  custom:scripting/monoscript/fileName/SubContainerBindingFinalizer.cs:  -> b14ca8d77d445072626c0875ffe98b86
  custom:scripting/monoscript/fileName/FactoryToChoiceIdBinder1.cs:  -> 90647cc400823b41df847a6cbfc29026
  custom:scripting/monoscript/fileName/ValuePair.cs:  -> 915a5d72ff59782d814734741a9886de
  custom:scripting/monoscript/fileName/FactoryBindInfo.cs:  -> 67e0052050bcc74b4742779e4880759a
  custom:scripting/monoscript/fileName/RunnableContextEditor.cs:  -> 99017a9c88586dfbcbc5666c1bf77e3b
  custom:scripting/monoscript/fileName/InstanceProvider.cs:  -> 31ea3d1147443c458c8154f5f1223a7c
  custom:scripting/monoscript/fileName/FactorySubContainerBinderBase.cs:  -> 90647cc400823b41df847a6cbfc29026
  custom:scripting/monoscript/fileName/StaticMemoryPool.cs:  -> 01848ef993e601764a7e2ffd5955c888
  custom:scripting/monoscript/fileName/InstantiateCallbackConditionCopyNonLazyBinder.cs:  -> 25dcb7879708e98fb59b6b4a816a1c73
  custom:scripting/monoscript/fileName/ScriptableObjectInstallerBase.cs:  -> 4d56b0fdd2b251414c4e68fbbea6fd10
  custom:scripting/monoscript/fileName/IAnimatorIkHandler.cs:  -> a8c418a4c65e840ee46f96302da7a0e2
  custom:scripting/monoscript/fileName/DiContainer.cs:  -> 69a80376a3c3a25350eb4800ac4fc772
  custom:scripting/monoscript/fileName/GameObjectContextEditor.cs:  -> 729656aea1ebd107d0c847d9c880f1ae
  custom:scripting/monoscript/fileName/FactoryToChoiceIdBinder6.cs:  -> 90647cc400823b41df847a6cbfc29026
  custom:scripting/monoscript/fileName/AnimatorMoveHandlerManager.cs:  -> 88f7c6bb0af7989459df539151e60455
  custom:scripting/monoscript/fileName/ZenUtilInternal.cs:  -> da9605fe97ad5a200a4c0d9f9709d98a
  custom:scripting/monoscript/fileName/FactoryProviderWrapper.cs:  -> 90647cc400823b41df847a6cbfc29026
  custom:scripting/monoscript/fileName/FactorySubContainerBinder10.cs:  -> 90647cc400823b41df847a6cbfc29026
  custom:scripting/monoscript/fileName/ZenjectStateMachineBehaviourAutoInjecter.cs:  -> dcc1111c0e1c8e95c5a3280b85bf2de5
  custom:scripting/monoscript/fileName/FactorySubContainerBinder3.cs:  -> 90647cc400823b41df847a6cbfc29026
  custom:scripting/monoscript/fileName/ScriptableObjectInstanceProvider.cs:  -> ba4958ec36f9aee92c71b46b38332dbe
  custom:scripting/monoscript/fileName/ConventionBindInfo.cs:  -> 1900c062997e43a677cbb6031ba4656f
  custom:scripting/monoscript/fileName/UnityUtil.cs:  -> 74bab4b7b342437ee3abb88f9f8f35d0
  custom:scripting/monoscript/fileName/Installer.cs:  -> 9de186156638869ba9ec8853f9b4b42b
  custom:scripting/monoscript/fileName/MonoInstallerBase.cs:  -> 0a705debe71a4aeaffa2dd07988333b8
  custom:scripting/monoscript/fileName/SubContainerCreatorByNewGameObjectDynamicContext.cs:  -> f99b4b22bf81263a7c520660305c5b79
  custom:scripting/monoscript/fileName/MemoryPoolInitialSizeBinder.cs:  -> 849ed7f5b11c9db237ef61b01c5a5104
  custom:scripting/monoscript/fileName/BindingId.cs:  -> 97a32208d48fccb2bb6e5f0f186a6a92
  custom:scripting/monoscript/fileName/CheatSheet.cs:  -> 476ec91169d092ffb1c88208bf30fa72
  custom:scripting/monoscript/fileName/PrefabProviderResource.cs:  -> e807194f456d8f5fc8db1d6231cccf11
  custom:scripting/monoscript/fileName/FactoryToChoiceBinder3.cs:  -> 90647cc400823b41df847a6cbfc29026
  custom:scripting/precompiled-assembly-types:Assembly-CSharp-Editor-firstpass:  -> 626e9ed6f746038de73d5f715a67b32e
  custom:scripting/monoscript/fileName/DefaultSceneContractConfig.cs:  -> 76425d713a485d97b01fc21dcc505237
  custom:scripting/monoscript/fileName/TaskUpdater.cs:  -> ee359a91c8a41983a2a81f590380b771
  custom:scripting/monoscript/fileName/PoolableMemoryPool.cs:  -> 4a32470493a767702519176ca1433fe7
  custom:scripting/monoscript/fileName/TransientProvider.cs:  -> 68916533f29af21c840c22e28e011659
  custom:scripting/monoscript/fileName/Assert.cs:  -> 61edf8479573f580e71c09e0da25a715
  custom:scripting/monoscript/fileName/ZenjectSceneLoader.cs:  -> 0d026752b2049683f7ad007bc659b459
  custom:scripting/monoscript/fileName/FactoryArgumentsToChoiceBinder1.cs:  -> 90647cc400823b41df847a6cbfc29026
  custom:scripting/monoscript/fileName/ReflectionTypeInfo.cs:  -> 3234214aa815c7c352850b9183c94b4f
  custom:scripting/monoscript/fileName/ZenjectEditorWindow.cs:  -> 1c0ce36b8bbded0c0daa71eed492bbec
  custom:scripting/monoscript/fileName/RunnableContext.cs:  -> 1a38a922843c2f9ac8602dc792d30618
  custom:scripting/monoscript/fileName/PrefabProvider.cs:  -> 1e4b2e37ae0ee58635d39e6f368f50a8
  custom:scripting/monoscript/fileName/MethodMultipleProviderUntyped.cs:  -> 2ade586e23db02d36e22e1d2ef7e1461
  custom:scripting/monoscript/fileName/InjectContext.cs:  -> 0cea738d8f7f0a10f922da5ea4ac4427
  custom:scripting/monoscript/fileName/ExecutionOrderInstaller.cs:  -> 79e63398a5c790f14e386df452573045
  custom:scripting/monoscript/fileName/TickableManager.cs:  -> 5daf439514ba37045caf2a32d7553155
  custom:scripting/monoscript/fileName/ProviderBindingFinalizer.cs:  -> 54d3238b9df950fa2642c041c59ba1c0
  custom:scripting/precompiled-assembly-types:Assembly-CSharp-firstpass:  -> 07e2f5e6aec48d906de34840cd9b709e
  custom:scripting/monoscript/fileName/SceneKernel.cs:  -> 0bc113009bc94bcaee4266b5bd8725c2
  custom:scripting/monoscript/fileName/ValidationUtil.cs:  -> 8e05254f6a207bb3d2be7cbb3680da38
  custom:scripting/monoscript/fileName/FactoryToChoiceBinder2.cs:  -> 90647cc400823b41df847a6cbfc29026
  custom:scripting/monoscript/fileName/ISubContainerCreator.cs:  -> 45ef2b892838cd9c8578577f55f3788a
  custom:scripting/monoscript/fileName/FactoryFromBinder10.cs:  -> 90647cc400823b41df847a6cbfc29026
  custom:scripting/monoscript/fileName/DecoratorToChoiceFromBinder.cs:  -> 90647cc400823b41df847a6cbfc29026
  custom:scripting/monoscript/fileName/TransformScopeConcreteIdArgConditionCopyNonLazyBinder.cs:  -> 77a0a3121d6f5c2b4a0768c5fdc2ab5e
  custom:scripting/monoscript/fileName/FactoryFromBinder2.cs:  -> dc8bc743c81157304ba74059e751bc3c
  custom:scripting/monoscript/fileName/PoolFactory.cs:  -> 0cdf409b5aa8d4c25876d72b5c6a3b60
  custom:scripting/monoscript/fileName/FactoryToChoiceBinder5.cs:  -> 90647cc400823b41df847a6cbfc29026
  custom:scripting/monoscript/fileName/InitializableManager.cs:  -> 9dcc7021fa350179fa2872fb53353fa5
  custom:scripting/monoscript/fileName/StaticContext.cs:  -> 68033dcd093fb17b4a00eb32ad54d190
  custom:scripting/monoscript/fileName/FactoryToChoiceBinder1.cs:  -> 90647cc400823b41df847a6cbfc29026
  custom:scripting/monoscript/fileName/DefaultParentScopeConcreteIdArgConditionCopyNonLazyBinder.cs:  -> eafaf9a32b5fed08dcd93886e9997f06
  custom:scripting/monoscript/fileName/PrefabBindingFinalizer.cs:  -> d94e0d7c70b626c734c33fd10782ab09
  custom:scripting/monoscript/fileName/FactoryToChoiceBinder10.cs:  -> 90647cc400823b41df847a6cbfc29026
  custom:scripting/monoscript/fileName/PrefabInstantiator.cs:  -> 5cee0a6c24edc1d69f95b129c4299c59
  custom:scripting/monoscript/fileName/EditorStaticInstaller.cs:  -> 90647cc400823b41df847a6cbfc29026
  custom:scripting/monoscript/fileName/DefaultGameObjectParentInstaller.cs:  -> 4ff5001508716c2fa083fb1a265f102c
  custom:scripting/monoscript/fileName/NonLazyBinder.cs:  -> d618206896d69255ae46b31ce24bf1bc
  custom:scripting/monoscript/fileName/SceneParentAutomaticLoader.cs:  -> ebe9cbe6eac1060780b24b5e4895a778
  custom:scripting/monoscript/fileName/PoolCleanupChecker.cs:  -> 0ed9af861799003bd44546ef2ec2e70c
  custom:scripting/monoscript/fileName/SubContainerCreatorDynamicContext.cs:  -> ee7e707f0c052d5cdfbab6bc83c36722
  custom:scripting/monoscript/fileName/PrefabInstantiatorCached.cs:  -> 4078ef980f474d6c8cc0e5adc3ac029c
  custom:scripting/monoscript/fileName/GetFromGameObjectGetterComponentProvider.cs:  -> 6c902dd022ac6d89f5aaf2da19b71307
  custom:scripting/monoscript/fileName/GetFromGameObjectComponentProvider.cs:  -> e5dd3e0c324a57d2c3eb57e4f359114b
  custom:scripting/monoscript/fileName/ProjectContext.cs:  -> 52dd75e97733f7e9628f680e9e79422b
  custom:scripting/monoscript/fileName/Kernel.cs:  -> 62bf7b011320d11b538a959997d29272
  custom:scripting/monoscript/fileName/FactoryFromBinder3.cs:  -> ffa8ed88ec22b816917e0179bb7c1526
  custom:scripting/monoscript/fileName/SubContainerPrefabBindingFinalizer.cs:  -> 35c3115bbc83f0de4dcfebe299072404
  custom:scripting/monoscript/fileName/MonoKernel.cs:  -> f563b9a9d89e08f9f89aef36bd971404
  custom:scripting/monoscript/fileName/PreserveAttribute.cs:  -> 2a4c4f3426d2faa2d850a360d63a89cb
  custom:scripting/monoscript/fileName/PoolableManager.cs:  -> 628499370740d5968a29144d2e2d2f93
  custom:scripting/monoscript/fileName/FactoryFromBinderBase.cs:  -> 7b63cac83dc942f4711ebf380aa74f4d
  custom:scripting/monoscript/fileName/SceneContextEditor.cs:  -> 6460d91d20abb0cefdd76bb4b5148d23
  custom:scripting/monoscript/fileName/IProviderExtensions.cs:  -> 57f277d2d41177c34d10afcf4415fa35
  custom:scripting/monoscript/fileName/PrefabProviderCustom.cs:  -> d0880a80390eef46fb4ba67b5b16015e
  custom:scripting/monoscript/fileName/PrefabGameObjectProvider.cs:  -> 3a58db708c2df4717f09a8df16a543ee
  custom:scripting/monoscript/fileName/GameObjectContext.cs:  -> 6bc40e7c03171ff3b41daa84058a1f1f
  custom:scripting/monoscript/fileName/IInstaller.cs:  -> 63cbbe278a2aea0839d3f3a51369d065
  custom:scripting/monoscript/fileName/SubContainerCreatorByInstance.cs:  -> e78667cdcc9d24720571e430d78554a8
  custom:scripting/monoscript/fileName/IProvider.cs:  -> 8537398d615f625c85492e27400cbfc6
  custom:scripting/monoscript/fileName/ReflectionUtil.cs:  -> c08d498aac2ba183ebb4e2865173df46
  custom:scripting/monoscript/fileName/FactoryFromBinder5.cs:  -> 7105e0386e17a68e00aaefd863ca4023
  custom:scripting/monoscript/fileName/InstantiateOnPrefabComponentProvider.cs:  -> c651d2d157339bcf492ec056917e79c2
  custom:scripting/monoscript/fileName/GetterProvider.cs:  -> 90647cc400823b41df847a6cbfc29026
  custom:scripting/monoscript/fileName/MemoryPoolBindInfo.cs:  -> b15f9e61051e591effa69f403353a22c
  custom:scripting/monoscript/fileName/SingleProviderBindingFinalizer.cs:  -> 34d14610ce71bba1bf8bd13f757b1326
  custom:scripting/monoscript/fileName/ConditionCopyNonLazyBinder.cs:  -> 6cd1e6d3b429473c3dfbb81b87edeab3
  custom:scripting/monoscript/fileName/ZenjectBinding.cs:  -> 13ea9020538f8673dbf634240791a9e3
  custom:scripting/monoscript/fileName/FactorySubContainerBinder4.cs:  -> 90647cc400823b41df847a6cbfc29026
  custom:scripting/monoscript/fileName/FactorySubContainerBinder2.cs:  -> 90647cc400823b41df847a6cbfc29026
  custom:scripting/monoscript/fileName/DecoratableMonoKernel.cs:  -> 754448f095d2bebd21f1fc5bfde80faf
  custom:scripting/monoscript/fileName/FactoryFromBinder0.cs:  -> 3093971caabdb967e6d0cb344e8b3328
  custom:scripting/monoscript/fileName/IdBinder.cs:  -> 286490f9398b493b06625c4455eeae8f
  custom:scripting/monoscript/fileName/SubContainerCreatorByNewPrefab.cs:  -> 5f9dd05e3f40a6bb6484620daf58314d
  custom:scripting/monoscript/fileName/FactoryToChoiceIdBinder5.cs:  -> 90647cc400823b41df847a6cbfc29026
  custom:scripting/monoscript/fileName/ScopableBindingFinalizer.cs:  -> 2c6905e4958b4a619ba8a2479fbbabd1
  custom:scripting/monoscript/fileName/CachedOpenTypeProvider.cs:  -> 958cdc9ef9e173417d9152f9b54b2f52
  custom:scripting/monoscript/fileName/SubContainerBinder.cs:  -> 4f709101845b1cf5c0e23e757bf2a4b8
  custom:scripting/monoscript/fileName/FactoryToChoiceIdBinder3.cs:  -> 90647cc400823b41df847a6cbfc29026
  custom:scripting/monoscript/fileName/SceneContext.cs:  -> be55d09993b6353bfdceaa593d5d0700
  custom:scripting/monoscript/fileName/FactoryToChoiceBinder0.cs:  -> 90647cc400823b41df847a6cbfc29026
  custom:scripting/monoscript/fileName/FromBinder.cs:  -> b11398f8fa696e1c6b39b263a74b4ae8
  custom:scripting/monoscript/fileName/SubContainerCreatorByInstaller.cs:  -> 46d8ec29f58504c577bcc9d7462da3ef
  custom:scripting/monoscript/fileName/FactoryToChoiceBinder4.cs:  -> 90647cc400823b41df847a6cbfc29026
  custom:scripting/monoscript/fileName/GetFromPrefabComponentProvider.cs:  -> ed5645a075407915ccde575ad13233eb
  custom:scripting/monoscript/fileName/ProjectKernel.cs:  -> 6937af63ed35d98b8f62b78580375b30
  custom:scripting/monoscript/fileName/SceneContextRegistry.cs:  -> aa4b122224bf80ebb6529ae1272f1bf0
  custom:scripting/monoscript/fileName/FactorySubContainerBinder6.cs:  -> 90647cc400823b41df847a6cbfc29026
  custom:scripting/monoscript/fileName/SubContainerCreatorByMethod.cs:  -> 7895f230c402c1280305603384285399
  custom:scripting/monoscript/fileName/FactoryFromBinder6.cs:  -> 7c9a1fc8a6f8e17997d1f8c1166294a0
  custom:scripting/monoscript/fileName/ConcreteIdBinderNonGeneric.cs:  -> 09748c2ec3780f03aa3faec1b28fdd68
  custom:scripting/monoscript/fileName/AddToGameObjectComponentProviderBase.cs:  -> 7ab0835415477416a630c9e2747bee6f
  custom:scripting/monoscript/fileName/PrefabFactory.cs:  -> 0ecf0b5b4a9207402e80b603ad9a119c
  custom:scripting/monoscript/fileName/IFactoryProvider.cs:  -> 4a32470493a767702519176ca1433fe7
  custom:scripting/monoscript/fileName/AnimatorInstaller.cs:  -> c98f1e9919c8ac4ef365e48b1d22ccd6
  custom:scripting/monoscript/fileName/MethodProviderMultiple.cs:  -> 90647cc400823b41df847a6cbfc29026
  custom:scripting/monoscript/fileName/LinqExtensions.cs:  -> 5d02e87d8c17b85bcca601bc9d583bf9
  custom:scripting/monoscript/fileName/FromBinderNonGeneric.cs:  -> 45e654ec056e78f7bd091e1314743abf
  custom:scripting/monoscript/fileName/ObjectGraphVisualizer.cs:  -> 1915541d33a08c848849a5e82af10183
  custom:scripting/monoscript/fileName/IPrefabInstantiator.cs:  -> 88f09260984991cfb5f26078fcf69823
  custom:scripting/monoscript/fileName/MiscExtensions.cs:  -> 142d80527743dae881ce47c5f22ffb72
  custom:scripting/monoscript/fileName/PrefabResourceBindingFinalizer.cs:  -> 251a567d53fa655b6e8fc46248065e03
  custom:scripting/monoscript/fileName/FactorySubContainerBinder5.cs:  -> 90647cc400823b41df847a6cbfc29026
  custom:scripting/monoscript/fileName/WithKernelScopeConcreteIdArgConditionCopyNonLazyBinder.cs:  -> dbdedb867d1896b6f0b92c51c6380a50
  custom:scripting/monoscript/fileName/SubContainerCreatorByInstanceGetter.cs:  -> f0ff04d725a8fe0d65d8bee394f93a3d
  custom:scripting/monoscript/fileName/ConcreteBinderGeneric.cs:  -> 90647cc400823b41df847a6cbfc29026
  custom:scripting/monoscript/fileName/AddToCurrentGameObjectComponentProvider.cs:  -> ec4a9abecfc2deaebd765b48b4464aad
  custom:scripting/monoscript/fileName/DefaultGameObjectKernel.cs:  -> 3a842067dda170178ae63ba46580820d
  custom:scripting/monoscript/fileName/PlaceholderFactory.cs:  -> 1d2933bc56d7311d0449931f9ae688f2
  custom:scripting/monoscript/fileName/SubContainerCreatorByNewPrefabDynamicContext.cs:  -> babf933ead0f829f876a12088059163b
  custom:scripting/monoscript/fileName/ProfileBlock.cs:  -> fcbc2bdabed665e694e4c69f8576f9fb
  custom:scripting/monoscript/fileName/IdScopeConcreteIdArgConditionCopyNonLazyBinder.cs:  -> d0848119c7b8833e5d1cc5a51beb964e
  custom:scripting/monoscript/fileName/WithKernelDefaultParentScopeConcreteIdArgConditionCopyNonLazyBinder.cs:  -> dc6083c21aad964e759985a63f650c9a
  custom:scripting/monoscript/fileName/DisposeBlock.cs:  -> 6f563264c533490189e32dd6647ef403
  custom:scripting/monoscript/fileName/ZenjectManagersInstaller.cs:  -> 784a8eb619e386c61e94e10f247bd7d7
  custom:scripting/monoscript/fileName/SceneDecoratorContext.cs:  -> ae85ae6811c9945080f60122a5630948
  custom:scripting/monoscript/fileName/MemoryPoolExpandBinder.cs:  -> 90647cc400823b41df847a6cbfc29026
  custom:scripting/monoscript/fileName/ConventionFilterTypesBinder.cs:  -> 4aea47de12eb71ec8fd5f489a20468a6
  custom:scripting/monoscript/fileName/IAnimatorMoveHandler.cs:  -> 90c09a48ee677134c36be00efac1d6de
  custom:scripting/monoscript/fileName/FactoryArgumentsToChoiceBinder6.cs:  -> 90647cc400823b41df847a6cbfc29026
  custom:scripting/monoscript/fileName/IFactory.cs:  -> a34bac28afaba726d882765d97504b6b
  custom:scripting/monoscript/fileName/ZenReflectionTypeAnalyzer.cs:  -> dd1f0e3bd564e889ecf79cba8ecf0c88
  custom:scripting/monoscript/fileName/FactorySubContainerBinder0.cs:  -> 90647cc400823b41df847a6cbfc29026
  custom:scripting/monoscript/fileName/InjectUtil.cs:  -> 72436cf934afaea84ec88da960e85130
  custom:scripting/monoscript/fileName/AddToExistingGameObjectComponentProvider.cs:  -> 7dc70bef3f8fd20d45db8bb128f7e5d9
  custom:scripting/monoscript/fileName/AnimatorIkHandlerManager.cs:  -> 1bbcedca643aeecfe5e0bdd193ca94b8
  custom:scripting/monoscript/fileName/IInstantiator.cs:  -> 08ff611f4a774c3a364a1b3a1a93b0e8
  custom:scripting/monoscript/fileName/FactoryToChoiceIdBinder0.cs:  -> 90647cc400823b41df847a6cbfc29026
  custom:scripting/monoscript/fileName/FactoryToChoiceIdBinder2.cs:  -> 90647cc400823b41df847a6cbfc29026
  custom:scripting/monoscript/fileName/FactorySubContainerBinder1.cs:  -> 90647cc400823b41df847a6cbfc29026
  custom:scripting/monoscript/fileName/CachedProvider.cs:  -> 13240a6d50ac9f08061290b312aaaa19
  custom:scripting/monoscript/fileName/Context.cs:  -> 81095b30722e3d68635249fcec620285
  custom:scripting/monoscript/fileName/FactoryToChoiceIdBinder10.cs:  -> 90647cc400823b41df847a6cbfc29026
  custom:scripting/monoscript/fileName/EmptyGameObjectProvider.cs:  -> e2e5b5036963477c21929d798fd9aa7a
  custom:scripting/monoscript/fileName/TypeStringFormatter.cs:  -> 1113009a10e3dee52bf034362581148a
  custom:scripting/monoscript/fileName/FactoryFromBinder4.cs:  -> 099bf0752f58dcdfcc73e0e90c6e6c2c
  custom:scripting/monoscript/fileName/ActionInstaller.cs:  -> 867c908700768d4ce421cc9348798237
  custom:scripting/monoscript/fileName/ZenAutoInjecter.cs:  -> 0a079e828cf0a93b1ccce17dc27b750e
  custom:scripting/monoscript/fileName/NullBindingFinalizer.cs:  -> f7838b250ccf5072f6ccfdcd1f3a6948
  custom:scripting/monoscript/fileName/UnityInspectorListEditor.cs:  -> d26a49f9d7975ff54c3584286051bc92
  custom:scripting/monoscript/fileName/MemoryPoolBase.cs:  -> 290a896ecb28a6321f74e41bb59f3c6b
  custom:scripting/monoscript/fileName/PoolableStaticMemoryPool.cs:  -> fdc76af93c95796253fa211c3d9c79fa
  custom:scripting/monoscript/fileName/FactoryArgumentsToChoiceBinder0.cs:  -> 90647cc400823b41df847a6cbfc29026
  custom:scripting/monoscript/fileName/FactoryToChoiceBinder6.cs:  -> 90647cc400823b41df847a6cbfc29026
  custom:scripting/monoscript/fileName/PrefabResourceFactory.cs:  -> 0ecf0b5b4a9207402e80b603ad9a119c
  custom:scripting/monoscript/fileName/FactoryFromBinderUntyped.cs:  -> 6848a1967d3bd9ba9eef7ecfa578b294
  custom:scripting/monoscript/fileName/ResolveProvider.cs:  -> 1b0d1152b7264d585ae40e5b3cf42170
  custom:scripting/monoscript/fileName/PoolableMemoryPoolProvider.cs:  -> fdc76af93c95796253fa211c3d9c79fa
  custom:scripting/monoscript/fileName/SubContainerCreatorBindInfo.cs:  -> baf7731c7909e06b36eb4c2551b546bf
  custom:scripting/monoscript/fileName/KeyedFactory.cs:  -> 94f8e54b68df661c8d45e8cea71cf2f5
  custom:scripting/monoscript/fileName/IValidatable.cs:  -> a5e25b9a38a661d11c496c5d8db2f098
  custom:scripting/monoscript/fileName/MemoryPool.cs:  -> 4a32470493a767702519176ca1433fe7
  custom:scripting/monoscript/fileName/FactoryArgumentsToChoiceBinder2.cs:  -> 90647cc400823b41df847a6cbfc29026
  custom:scripting/monoscript/fileName/ReflectionInfoTypeInfoConverter.cs:  -> a5abfe4fe27d7b26eb9ed2cd27ed59d1
  custom:scripting/monoscript/fileName/ScriptableObjectInstaller.cs:  -> 8d782cd617294e0d85fbf27fc3778f68
  custom:scripting/monoscript/fileName/FromBinderGeneric.cs:  -> 90647cc400823b41df847a6cbfc29026
  custom:scripting/monoscript/fileName/GameObjectCreationParameters.cs:  -> d9fe8c4d27ef1b11f7e0932485a0a28b
  custom:scripting/monoscript/fileName/MethodProviderWithContainer.cs:  -> fdc76af93c95796253fa211c3d9c79fa
  custom:scripting/monoscript/fileName/FactoryToChoiceIdBinder4.cs:  -> 90647cc400823b41df847a6cbfc29026
  custom:scripting/precompiled-assembly-types:Zenject-usage:  -> 5dc6051ca3c03fd2759d5f46f13dd5fa
  custom:scripting/monoscript/fileName/SubContainerCreatorCached.cs:  -> f1b4be940ef0e95ef12810b1ec58766c
  custom:scripting/monoscript/fileName/CopyNonLazyBinder.cs:  -> a87bbd5622ba7e97249650b16b0d1959
  custom:scripting/monoscript/fileName/LookupId.cs:  -> c6890902c502531172161910ba9ceca9
  custom:scripting/monoscript/fileName/ScriptableObjectResourceProvider.cs:  -> b5c6abd653bda6cae03d001fe0572a0a
  custom:scripting/monoscript/fileName/InstallerBase.cs:  -> b0ba6a70ebb52ef8551cf016aac95a02
  custom:scripting/monoscript/fileName/FactoryArgumentsToChoiceBinder10.cs:  -> 90647cc400823b41df847a6cbfc29026
  custom:scripting/monoscript/fileName/ZenUnityEditorUtil.cs:  -> ec8b6b5ebd790553dc9fc1692d0edbe6
  custom:scripting/monoscript/fileName/BindingUtil.cs:  -> 9039607d47f2572642eedc75a737fcd5
  custom:scripting/monoscript/fileName/MemoryPoolBindingFinalizer.cs:  -> 90647cc400823b41df847a6cbfc29026
  custom:scripting/monoscript/fileName/IBindingFinalizer.cs:  -> 0d518dd728138ee4cabc14622a03706f
  custom:scripting/monoscript/fileName/DisposableManager.cs:  -> 1772b59102bc8ee2ae05a5a49c6e9d17
  custom:scripting/monoscript/fileName/IMemoryPool.cs:  -> 0655bb18bd8041bec093f74a23c11e02
  custom:scripting/monoscript/fileName/ZenjectException.cs:  -> 7022a78cd9463f4efa26f44f6d89742f
  custom:scripting/monoscript/fileName/IfNotBoundBinder.cs:  -> 1bbe99bc3aa131f649e36e7e3c031dfd
  custom:scripting/monoscript/fileName/ContextEditor.cs:  -> 663260d25be468f4b053d962dab9cab0
  custom:scripting/monoscript/fileName/FactoryArgumentsToChoiceBinder5.cs:  -> 90647cc400823b41df847a6cbfc29026
  custom:scripting/monoscript/fileName/MonoMemoryPool.cs:  -> 94f8e54b68df661c8d45e8cea71cf2f5
  custom:scripting/monoscript/fileName/MethodProviderSimple.cs:  -> 90647cc400823b41df847a6cbfc29026
  custom:scripting/monoscript/fileName/ArgConditionCopyNonLazyBinder.cs:  -> 300b8368a646fd57196c9404dd5b5e65
  custom:scripting/monoscript/fileName/ResourceProvider.cs:  -> 6269dee1de9116841670ce2cb0d52f77
  custom:scripting/monoscript/fileName/MonoInstaller.cs:  -> a31c502f0f21cb3bc47ae6cc4f417943
  custom:scripting/monoscript/fileName/TypeAnalyzer.cs:  -> 9690f08366bd0992507cf969fb023448
  custom:scripting/monoscript/fileName/ConcreteBinderNonGeneric.cs:  -> fa2fce5c1872091207d8c2dc2283617c
  custom:scripting/monoscript/fileName/AddToNewGameObjectComponentProvider.cs:  -> e6dcc445aaeabe3fcb4fd20ff6bb3920
  custom:scripting/monoscript/fileName/GuiRenderer.cs:  -> 59eab5a15b00317c3213c6a296347efb
  custom:scripting/monoscript/fileName/ZenjectSettings.cs:  -> 2bde0e94ff38a78837d35f3c2bc498a8
  custom:scripting/monoscript/fileName/SubContainerDependencyProvider.cs:  -> 165b9ae08ebacea4e19f0bb15a8e692a
  custom:scripting/monoscript/fileName/FactoryArgumentsToChoiceBinder3.cs:  -> 90647cc400823b41df847a6cbfc29026
  custom:scripting/monoscript/fileName/Log.cs:  -> 203eb2b8139fa9796923aaafd43a37e7
  custom:scripting/monoscript/fileName/SingletonMarkRegistry.cs:  -> 7ef8dfbe2f566fae3fbda767aedefcf6
  custom:scripting/monoscript/fileName/SubContainerCreatorByNewPrefabWithParams.cs:  -> 5f8b1a7eba7e713d113ed1cdbe22cde3
  custom:scripting/monoscript/fileName/ZenPools.cs:  -> 99f28227eb52ea17dfc56bba3e22c873
  custom:scripting/monoscript/fileName/IPrefabProvider.cs:  -> 7ee8d09f8fdfdd3f9f8e4d30adb9880d
  custom:scripting/monoscript/fileName/ProviderUtil.cs:  -> 1407fc31cefd2e2ec56332eb3d3909ac
  custom:scripting/monoscript/fileName/GuiRenderableManager.cs:  -> b388f900cd1d3f82d90995c41679e0a7
  custom:scripting/monoscript/fileName/MethodProvider.cs:  -> 90647cc400823b41df847a6cbfc29026
  custom:scripting/monoscript/fileName/SubContainerCreatorUtil.cs:  -> 99edc6115655e5d1a7a551a8d606466b
  custom:scripting/monoscript/fileName/BindStatement.cs:  -> 6e0ac90def7f22376cd34170cd2fe690
  custom:scripting/monoscript/fileName/PlaceholderFactoryBindingFinalizer.cs:  -> 90647cc400823b41df847a6cbfc29026
  custom:scripting/monoscript/fileName/PlaceholderFactoryBase.cs:  -> 500f251041849c777f6c749582b1a182
  custom:scripting/monoscript/fileName/DecoratorProvider.cs:  -> ece76698470a84c4327ddcdaf781ab17
  custom:scripting/monoscript/fileName/ConventionSelectTypesBinder.cs:  -> 52601557f14071ebaf4b55d92d03da63
  custom:scripting/monoscript/fileName/FactoryFromBinder1.cs:  -> 2cd11e058664ccff3fd0ff21211d895b
  custom:scripting/monoscript/fileName/ZenMenuItems.cs:  -> 4d8c402439e2496113526c7e6238ca9d
  custom:scripting/monoscript/fileName/ValidationMarker.cs:  -> 54791efdd2e470701d168e1ac831910f
  custom:scripting/monoscript/fileName/MethodProviderUntyped.cs:  -> ebd5710bd1b36d6445c1acd633b43e76
  custom:scripting/monoscript/fileName/SceneDecoratorContextEditor.cs:  -> df9bd9ec7b98103aea0364ab3286d700
  custom:scripting/monoscript/fileName/LazyInject.cs:  -> 90647cc400823b41df847a6cbfc29026
  custom:scripting/monoscript/fileName/NameTransformScopeConcreteIdArgConditionCopyNonLazyBinder.cs:  -> 5136fa7eef084133029dd28a1d387326
  custom:scripting/monoscript/fileName/ConcreteIdBinderGeneric.cs:  -> 90647cc400823b41df847a6cbfc29026
  custom:scripting/monoscript/fileName/ConcreteIdArgConditionCopyNonLazyBinder.cs:  -> 87666f3f79f1bfaaf8cb82d6865ce1e7
  custom:scripting/monoscript/fileName/MonoPoolableMemoryPool.cs:  -> 4a32470493a767702519176ca1433fe7
  custom:scripting/monoscript/fileName/FactoryArgumentsToChoiceBinder4.cs:  -> 90647cc400823b41df847a6cbfc29026
  custom:scripting/monoscript/fileName/SceneContextRegistryAdderAndRemover.cs:  -> b85031ee5fc623fa678be463899bac8c
  custom:scripting/monoscript/fileName/ProjectContextEditor.cs:  -> 1f2593804faae5f1baa59c2e49b64201
  custom:scripting/monoscript/fileName/BindInfo.cs:  -> 44177eae421454a80d6f09dfe1a0ed48
  custom:scripting/monoscript/fileName/ScopeConcreteIdArgConditionCopyNonLazyBinder.cs:  -> c0bd96f89e3d2f850dad3ada54ec21bd
========================================================================
Received Prepare
Begin MonoManager ReloadAssembly
- Loaded All Assemblies, in  0.271 seconds
Refreshing native plugins compatible for Editor in 2.08 ms, found 3 plugins.
Native extension for UWP target not found
Native extension for WindowsStandalone target not found
Native extension for Android target not found
Native extension for WebGL target not found
Mono: successfully reloaded assembly
- Finished resetting the current domain, in  0.402 seconds
Domain Reload Profiling: 671ms
	BeginReloadAssembly (115ms)
		ExecutionOrderSort (0ms)
		DisableScriptedObjects (3ms)
		BackupInstance (0ms)
		ReleaseScriptingObjects (0ms)
		CreateAndSetChildDomain (28ms)
	RebuildCommonClasses (22ms)
	RebuildNativeTypeToScriptingClass (8ms)
	initialDomainReloadingComplete (19ms)
	LoadAllAssembliesAndSetupDomain (105ms)
		LoadAssemblies (157ms)
		RebuildTransferFunctionScriptingTraits (0ms)
		AnalyzeDomain (7ms)
			TypeCache.Refresh (6ms)
				TypeCache.ScanAssembly (0ms)
			ScanForSourceGeneratedMonoScriptInfo (0ms)
			ResolveRequiredComponents (0ms)
	FinalizeReload (402ms)
		ReleaseScriptCaches (0ms)
		RebuildScriptCaches (0ms)
		SetupLoadedEditorAssemblies (167ms)
			LogAssemblyErrors (0ms)
			InitializePlatformSupportModulesInManaged (19ms)
			SetLoadedEditorAssemblies (2ms)
			RefreshPlugins (0ms)
			BeforeProcessingInitializeOnLoad (43ms)
			ProcessInitializeOnLoadAttributes (87ms)
			ProcessInitializeOnLoadMethodAttributes (13ms)
			AfterProcessingInitializeOnLoad (3ms)
			EditorAssembliesLoaded (0ms)
		ExecutionOrderSort2 (0ms)
		AwakeInstancesAfterBackupRestoration (4ms)
Refreshing native plugins compatible for Editor in 1.81 ms, found 3 plugins.
Preloading 0 native plugins for Editor in 0.00 ms.
Unloading 3922 Unused Serialized files (Serialized files now loaded: 0)
Unloading 25 unused Assets / (128.1 KB). Loaded Objects now: 4403.
Memory consumption went from 143.7 MB to 143.6 MB.
Total: 2.061200 ms (FindLiveObjects: 0.222300 ms CreateObjectMapping: 0.099200 ms MarkObjects: 1.641500 ms  DeleteObjects: 0.097300 ms)

Prepare: number of updated asset objects reloaded= 0
AssetImportParameters requested are different than current active one (requested -> active):
  custom:scripting/monoscript/fileName/InvertVector3Processor.cs: 26cd309c39f83c2c220d5ebd4cff9df8 -> 
  custom:scripting/monoscript/fileName/CinemachineGroupComposerEditor.cs: 54a07f36704e77a685a5e7e8c8b2c216 -> 
  custom:scripting/monoscript/fileName/IInputInteraction.cs: 904998db3f6a68004028b91c21d88b1a -> 
  custom:scripting/monoscript/fileName/SetSamplingFrequencyCommand.cs: 47d086117c0acad03de65dbcce09e259 -> 
  custom:scripting/monoscript/fileName/CinemachineConfinerEditor.cs: cc6c898a3390647ab91613c8a96de4b4 -> 
  custom:scripting/monoscript/fileName/VirtualMouseInput.cs: e3ef3ab161a243cb2a500a35a4caee75 -> 
  custom:scripting/monoscript/fileName/InputActionAssetEditor.cs: 4adbf4cb8c26b8932ee3ffc274073efe -> 
  custom:scripting/monoscript/fileName/WarpMousePositionCommand.cs: 01384d8ffa6a4ca8ee07bdccdac35b25 -> 
  custom:scripting/monoscript/fileName/IInputActionCollection.cs: 48d624420401ff220daba7d5ae2b1364 -> 
  custom:scripting/monoscript/fileName/InputActionInspector.cs: feb294aa54880b2096f97ebf1b199a15 -> 
  custom:scripting/monoscript/fileName/RequestSyncCommand.cs: 77a116703141a2eb2b4f13048db47d70 -> 
  custom:scripting/monoscript/fileName/Wheel.cs: 8ea2827403fbe22288c999172f388719 -> 
  custom:scripting/monoscript/fileName/InputStateBuffers.cs: 093dce8d3186118dd5042dafab7ae9e8 -> 
  custom:scripting/monoscript/fileName/CinemachineBlendDefinitionPropertyDrawer.cs: 7ae344d19d646b738f3c65294becf216 -> 
  custom:scripting/monoscript/fileName/CinemachineTrackedDollyEditor.cs: b4d6784c58752cea58aafd9a76ca4459 -> 
  custom:scripting/monoscript/fileName/CinemachineImpulseManager.cs: c34be3577a810e26fd0110c580799b88 -> 
  custom:scripting/monoscript/fileName/InputActionCodeGenerator.cs: fca5f00d4b3eb657093524f16bf7bf13 -> 
  custom:scripting/monoscript/fileName/OnScreenButton.cs: 899b27e30b3465adcf27965c13bdc93c -> 
  custom:scripting/monoscript/fileName/DpadControl.cs: cfb85ad133fb5cf56fdc4c985aa8f908 -> 
  custom:scripting/monoscript/fileName/SwitchProControllerHID.cs: 78f82bd2c370087351de0e08672adca7 -> 
  custom:scripting/monoscript/fileName/InputLayoutCodeGenerator.cs: 9639b5848dc57960c08578d20d665948 -> 
  custom:scripting/monoscript/fileName/UnityRemoteSupport.cs: 982f96b2b3bcf7b6fe852779285ed35f -> 
  custom:scripting/monoscript/fileName/TwoModifiersComposite.cs: eb122d12dc9485d1b7f97cc256726e8b -> 
  custom:scripting/monoscript/fileName/InputActionState.cs: 0b37a93989f6e5de9afaeb4201ff9fd1 -> 
  custom:scripting/monoscript/fileName/InternedString.cs: 95f1db197e52a5e6ea3f009cd95df5ed -> 
  custom:scripting/monoscript/fileName/DisableDeviceCommand.cs: 0ad271a8bb040421b84ee6fbd5f9b9ad -> 
  custom:scripting/monoscript/fileName/CinemachineSmoothPath.cs: c28db2688f35d70587b5f943431a010a -> 
  custom:scripting/monoscript/fileName/NormalizeVector3Processor.cs: a9fdcc08cb92f00cadc525b362b15ecf -> 
  custom:scripting/monoscript/fileName/GenericXRDevice.cs: 31f8338285464e5a41cc62a6bcd45bcc -> 
  custom:scripting/monoscript/fileName/CinemachineStateDrivenCamera.cs: aea2468a7384be4ba6d1b043ccec135d -> 
  custom:scripting/monoscript/fileName/GoogleVR.cs: 99c1f4b0215996dade99604b61c7ec12 -> 
  custom:scripting/monoscript/fileName/AnimationPlayableAsset.cs: 009db08c97e92a2c69986ab256d074e2 -> 
  custom:container-demuxer-ogg: 62fdf1f143b41e24485cea50d1cbac27 -> 
  custom:scripting/monoscript/fileName/OpenVR.cs: 77f0de6828ff8ecbd33f19acd04444f7 -> 
  custom:scripting/monoscript/fileName/CinemachineBlenderSettings.cs: 9adcb80668a56be4cd8e31c1d3dc60ae -> 
  custom:scripting/monoscript/fileName/FastMouse.partial.cs: c1eb115b9947f2d7660b6624e6d2a006 -> 
  custom:scripting/monoscript/fileName/SignalSourceAsset.cs: f7ffd463dece56bad278f5a8d3ed7fc6 -> 
  custom:scripting/precompiled-assembly-types:Unity.PlasticSCM.Editor: c953278e83f2701460ddae7acdca3c3b -> 
  custom:scripting/monoscript/fileName/iOSPostProcessBuild.cs: 9511a85ceb885fe21fc0fd0763de6cf3 -> 
  custom:scripting/monoscript/fileName/InputControlPicker.cs: 6b00d000a225762ecd654d2e2099bede -> 
  custom:scripting/monoscript/fileName/CinemachineCore.cs: fe6c3be993819098833de1628bfd76b2 -> 
  custom:scripting/monoscript/fileName/IHaptics.cs: 5c70e747929f1a71eccdc11041ef53fe -> 
  custom:scripting/monoscript/fileName/DownloadableSample.cs: 89120054f688b631c9ee6f5097128d97 -> 
  custom:scripting/monoscript/fileName/CinemachineImpulseChannelPropertyDrawer.cs: 4b6390a17916751618e2a45cb8d47a80 -> 
  custom:scripting/monoscript/fileName/TouchControl.cs: bc4be08888a45c76e7675bb7d2381412 -> 
  custom:scripting/monoscript/fileName/SerializedPropertyHelper.cs: b04ac165255e34bc2935ca9bf180e209 -> 
  custom:scripting/monoscript/fileName/InputSettingsProvider.cs: aad247d3909e557ebafce3429de6662a -> 
  custom:scripting/monoscript/fileName/CinemachineFramingTransposer.cs: 7943c9d436748359882d8f978cf86c91 -> 
  custom:scripting/monoscript/fileName/Keyboard.cs: 7ecd46b364aabed617ca2aa518d013e5 -> 
  custom:scripting/monoscript/fileName/InputDevice.cs: 5d904dd2c22e502aeeaf9ca9e6633e24 -> 
  custom:scripting/precompiled-assembly-types:Unity.Performance.Profile-Analyzer.Editor: e1bfc0e7188f9eeca54cb211a0aba1bc -> 
  custom:scripting/monoscript/fileName/Oculus.cs: 2edcd533dd4b371bb248051a8fa77761 -> 
  custom:scripting/precompiled-assembly-types:Unity.VisualScripting.Core: 62181b5b48d4118f6c2cc95074ddea42 -> 
  custom:scripting/precompiled-assembly-types:Unity.InputSystem.TestFramework: 7ec75b260a40a57aeffe570e5787571b -> 
  custom:scripting/monoscript/fileName/AnimationTrack.cs: 579258c150686ede8cacf1f75da21715 -> 
  custom:scripting/monoscript/fileName/InputActionDebuggerWindow.cs: 872825097bc1ef1faa83af3d2b00a7e1 -> 
  custom:scripting/monoscript/fileName/AssemblyInfo.cs: 53d0e8986685ee279f50bdc53646eeb9 -> 
  custom:scripting/monoscript/fileName/AxisState.cs: 1a494a66d8b9a58f4a6873f89bf5b094 -> 
  custom:scripting/monoscript/fileName/IEventPreProcessor.cs: 7295c10dcae8814a8292aa0ee947599f -> 
  custom:scripting/monoscript/fileName/IntegerControl.cs: 888315a91a2577ba62858fefb74b01da -> 
  custom:scripting/monoscript/fileName/ViewStateCollection.cs: 90647cc400823b41df847a6cbfc29026 -> 
  custom:scripting/monoscript/fileName/AxisComposite.cs: 1a3b07803006c7cd98260293e041921c -> 
  custom:scripting/monoscript/fileName/QueryUserIdCommand.cs: a01aca235669f681cb2e5d6ae8addaa9 -> 
  custom:scripting/monoscript/fileName/CustomEditorCommands.cs: d22f19f46647382ff9e3389987e9cf5f -> 
  custom:scripting/monoscript/fileName/CinemachineClearShot.cs: 1da15f5c7903497ce3ae982ee4ee4779 -> 
  custom:scripting/monoscript/fileName/NormalizeProcessor.cs: 3de4423bc603683c7ace908ef059b016 -> 
  custom:scripting/monoscript/fileName/InputDeviceDebuggerWindow.cs: d5d7f249a0c7e26b5c99aed83ca56ee7 -> 
  custom:scripting/monoscript/fileName/CinemachinePOVEditor.cs: 71db5a9242a182995b4ca15db516f628 -> 
  custom:scripting/monoscript/fileName/CinemachineMixer.cs: 2e36eb9e732dd7c8a32e8f83daebd6f4 -> 
  custom:scripting/monoscript/fileName/InputMetrics.cs: a5c225dbed9a189ed621c2052e3e4812 -> 
  custom:scripting/monoscript/fileName/XInputControllerWindows.cs: ccd364aacdd4c07fc90a580603986127 -> 
  custom:scripting/monoscript/fileName/TouchHistory.cs: 0bd5153c399a7814148eb0529881c327 -> 
  custom:scripting/monoscript/fileName/TouchscreenControlPickerLayout.cs: 2125296fdeb3923857d26aa69c1c47f2 -> 
  custom:scripting/monoscript/fileName/InputUserSettings.cs: 916cc29923c01ad422d1a009d6775681 -> 
  custom:scripting/monoscript/fileName/CinemachineConfiner.cs: 3813336c17662a5cb6b59ce5f1954254 -> 
  custom:scripting/precompiled-assembly-types:Unity.VisualScripting.State.Editor: bfd19d10497364660dabdb7b0dffedf3 -> 
  custom:scripting/monoscript/fileName/IInputRuntime.cs: 683baa8e477b4ccf74f0b797af7a5130 -> 
  custom:scripting/monoscript/fileName/HIDSupport.cs: 099f7abf8a3ee4aa9bd36bc75ccbfefb -> 
  custom:video-codec-MediaFoundation-h265: 746d11721c4dcdbdad8f713fa42b33f4 -> 
  custom:scripting/monoscript/fileName/ButtonWithOneModifier.cs: 68f005a2616c543c53a81e953d2b1c97 -> 
  custom:scripting/monoscript/fileName/QuaternionControl.cs: a9008c1888de55a3e771c5cf20b7f3d9 -> 
  custom:scripting/monoscript/fileName/InputDiagnostics.cs: 33a0d887634ac60a4b86fe7315969c5c -> 
  custom:scripting/monoscript/fileName/TestCarnageIndicator.cs: ebca781f83e17fbd1bb6e48216cc6d57 -> 
  custom:scripting/monoscript/fileName/CinemachineBrain.cs: 365b4e0b6319f064062e97b8f8e32c8e -> 
  custom:scripting/monoscript/fileName/InputActionTrace.cs: 004f24f75c0a176ffc4990497785b33c -> 
  custom:scripting/monoscript/fileName/CinemachineImpulseDefinitionPropertyDrawer.cs: 1b2fc77b0a80a7e0e9045e0d44fb761c -> 
  custom:scripting/monoscript/fileName/LegacyCurveUtility.cs: 60e705da7362e3d3722d2e7d9bbb10e1 -> 
  custom:scripting/precompiled-assembly-types:Unity.VisualScripting.State: a1b84a027925ee482b6dab13e9d110f3 -> 
  custom:scripting/precompiled-assembly-types:Unity.VisualScripting.SettingsProvider.Editor: 41414d03caeb8d6946e082e3faf34ce7 -> 
  custom:scripting/monoscript/fileName/SelectManyObservable.cs: 0cdf409b5aa8d4c25876d72b5c6a3b60 -> 
  custom:scripting/monoscript/fileName/CarnageIndicator.cs: d109e29cebd3d7fa5ec99a41a929c55b -> 
  custom:scripting/monoscript/fileName/CinemachineColliderPrefs.cs: 47106451d4685409820905badf49b71f -> 
  custom:scripting/monoscript/fileName/CinemachineFollowZoom.cs: eb74e2e98d3dc4647324e113f34710ca -> 
  custom:scripting/monoscript/fileName/CinemachineDebug.cs: 3077ed3b64725184c652d4c07ac732fd -> 
  custom:scripting/monoscript/fileName/LayerAndTagGenerator.cs: 21045d009ea92a3f3fb08cdf6c313a4d -> 
  custom:scripting/monoscript/fileName/XInputSupport.cs: f0d85607abbb4b1149b4034019ff04ed -> 
  custom:scripting/monoscript/fileName/CinemachineLensPresets.cs: 014747fb0ab87178c677520d0bf20bf7 -> 
  custom:scripting/precompiled-assembly-types:Assembly-CSharp-Editor-firstpass: 626e9ed6f746038de73d5f715a67b32e -> 
  custom:scripting/monoscript/fileName/InputControlDropdownItem.cs: 291d3f968f0e593f58e13b38fe2742b3 -> 
  custom:video-decoder-ogg-theora: a1e56fd34408186e4bbccfd4996cb3dc -> 
  custom:scripting/monoscript/fileName/MemoryHelpers.cs: 53156631467fa40859bc9c1f8f88bb12 -> 
  custom:scripting/monoscript/fileName/CinemachineCameraOffset.cs: a6887f67d3eb83cc6393b822d4e65121 -> 
  custom:scripting/monoscript/fileName/ICinemachineCamera.cs: 2faad4f04eaf5d98c2870adbfb06184e -> 
  custom:scripting/monoscript/fileName/CallbackDataSource.cs: 6f704c385b696082180aa49bed32c026 -> 
  custom:scripting/monoscript/fileName/AdvancedDropdownDataSource.cs: 428d52d44c12b04eddf300f83f94fb9c -> 
  custom:scripting/monoscript/fileName/IInputEventTypeInfo.cs: a163e0b33b0ef6de42962a548c982415 -> 
  custom:scripting/monoscript/fileName/InputEventTreeView.cs: 70ebb846b08feb061018e0fc806019c8 -> 
  custom:scripting/monoscript/fileName/Pointer.cs: ce2152e3a144dadf27b6b7be62c47f0a -> 
  custom:scripting/monoscript/fileName/InputSystemUIInputModuleEditor.cs: 8bd0e6628d94b95bc4e7082bdd62e28e -> 
  custom:scripting/monoscript/fileName/CinemachineShotPlayable.cs: e346ad1ecb4af45da55274cb9abd9ec0 -> 
  custom:scripting/monoscript/fileName/ParameterListView.cs: 018e8161ec06df153608ce9adba55c3f -> 
  custom:scripting/monoscript/fileName/IInputStateChangeMonitor.cs: 9b99017561e3533bdb65e893153fafea -> 
  custom:scripting/monoscript/fileName/LegacyTransmissionDataPropertyDrawer.cs: dabb82fe559867a1386ac6495bf8785c -> 
  custom:scripting/monoscript/fileName/PressInteraction.cs: 752c473143499f0f1beaacb15f400a1d -> 
  custom:scripting/monoscript/fileName/CinemachineTagFieldPropertyDrawer.cs: e78491a12decd558a49d01cc583bfcfb -> 
  custom:scripting/monoscript/fileName/Comparers.cs: a4fd4e4518e16b985ebc608a7fca9c48 -> 
  custom:scripting/monoscript/fileName/DualShockSupport.cs: 58ad10689626ffbc27e9ff5e35a0fe94 -> 
  custom:framework-win-MediaFoundation: 216162199b28c13a410421893ffa2e32 -> 
  custom:scripting/monoscript/fileName/CinemachineVolumeSettings.cs: 22782cc3dbf8dfd1cb54e8486f29fe0d -> 
  custom:scripting/monoscript/fileName/PrimitiveValue.cs: 2da19b19a1bc3da68e1b06314cd109da -> 
  custom:scripting/monoscript/fileName/CinemachineImpulseSourceEditor.cs: 0ef7804c69c18838aa65e6d5bae5b055 -> 
  custom:scripting/monoscript/fileName/TransmissionSettingsEditor.cs: a33000c064ea71da012383c768e2ac13 -> 
  custom:scripting/monoscript/fileName/CinemachineExternalCameraEditor.cs: d74df442250b898c9b40669a19100e9d -> 
  custom:scripting/monoscript/fileName/Pen.cs: 6eab9170261bbd85df09d1ffe39eb3e1 -> 
  custom:scripting/monoscript/fileName/Structs.cs: 9c5b5138b7d98ac4b5956d5852bec86b -> 
  custom:scripting/monoscript/fileName/StringHelpers.cs: 091725760b03f79e734c77418a754009 -> 
  custom:scripting/monoscript/fileName/JsonParser.cs: 4ca9a1eed6af4d53f2778a8abb3703e2 -> 
  custom:scripting/monoscript/fileName/FourCC.cs: 718ad77a73db081c260cd8ce625d1d12 -> 
  custom:scripting/monoscript/fileName/CinemachineTargetGroupEditor.cs: f70ac85df8c1c9bd0b83a35534bafd1f -> 
  custom:scripting/monoscript/fileName/CinemachineRecomposer.cs: 07354cca81f7d0775b027b5906330569 -> 
  custom:scripting/monoscript/fileName/CinemachineTransposer.cs: aa226dd144b3a977b86ea888b85df5fa -> 
  custom:scripting/monoscript/fileName/Finger.cs: 47c63a23d4568c72c9e2be18ba728ebd -> 
  custom:scripting/monoscript/fileName/ClampProcessor.cs: 799e07eb15a017e9ba829d3f4ca99111 -> 
  custom:scripting/monoscript/fileName/TargetPositionCache.cs: 49ce97e6930a536b43825141e0c2d3a4 -> 
  custom:scripting/monoscript/fileName/InputDeviceMatcher.cs: 934062a53f2d14192d3094d9f09442b6 -> 
  custom:scripting/precompiled-assembly-types:Assembly-CSharp-firstpass: 07e2f5e6aec48d906de34840cd9b709e -> 
  custom:scripting/precompiled-assembly-types:Unity.TestTools.CodeCoverage.Editor.OpenCover.Model: 392eba37ada58ebddffce0d6be5344c8 -> 
  custom:scripting/monoscript/fileName/CinemachineExternalCamera.cs: d76122377115c288d881064c3f07a3f1 -> 
  custom:scripting/monoscript/fileName/InitiateUserAccountPairingCommand.cs: 1a666a76197a03f8f7bce4a17141341c -> 
  custom:scripting/monoscript/fileName/InputControlPathDrawer.cs: f9c7ec3ba894b22b094bce7cea9d36c7 -> 
  custom:scripting/monoscript/fileName/ReflectionHelpers.cs: 60a5d38af3e775d0a421a7ff630d61cc -> 
  custom:scripting/monoscript/fileName/SlowTapInteraction.cs: d4d7eb3e402f2cf763b711b8aca21716 -> 
  custom:scripting/monoscript/fileName/QuerySamplingFrequencyCommand.cs: ffe0bdcb4ec1816ad7a20032df8affbd -> 
  custom:scripting/monoscript/fileName/InputBindingComposite.cs: 8acdccf814316320ed20f4ab536c63c4 -> 
  custom:scripting/monoscript/fileName/CinemachineVirtualCamera.cs: f16f2dc5bc1261579875c19605c45301 -> 
  custom:scripting/monoscript/fileName/InlinedArray.cs: e42627bc0cc64469ebb2649b4749f607 -> 
  custom:scripting/monoscript/fileName/CallbackArray.cs: 90647cc400823b41df847a6cbfc29026 -> 
  custom:scripting/monoscript/fileName/OSXGameController.cs: a3f684cd3d6af3701e16c8699ba556c0 -> 
  custom:scripting/monoscript/fileName/TextMeshPro.cs: 0cfab9de2f927cf0a5e3dc6276498acd -> 
  custom:scripting/monoscript/fileName/Observable.cs: 622d3d50ef7faf6ec60105d4626f5ceb -> 
  custom:scripting/monoscript/fileName/Predictor.cs: d51584936cb5b31b30ee7b444e03385b -> 
  custom:scripting/monoscript/fileName/ScaleVector3Processor.cs: 4f21bb4fa41fc96799edb532f6172693 -> 
  custom:scripting/monoscript/fileName/CinemachineOrbitalTransposerEditor.cs: 5ea2e4bec7ee6c24917bd86647f4bffa -> 
  custom:scripting/monoscript/fileName/InvertVector2Processor.cs: 774a3487189aea92da637db92d9118d5 -> 
  custom:scripting/monoscript/fileName/StandaloneInputModuleEditor.cs: 0c1eaef25625ade10d4aab2e84b9d672 -> 
  custom:scripting/monoscript/fileName/CinemachineConfiner2DEditor.cs: 3f4b3d9b17ff5cd560135aa24f822994 -> 
  custom:scripting/monoscript/fileName/FastTouchscreen.cs: 9057cd167dd3d29f3b1283a395a3a33e -> 
  custom:scripting/monoscript/fileName/Sensor.cs: 419cc8c616c869ad06dd0244620146f3 -> 
  custom:scripting/monoscript/fileName/GroupWeightManipulator.cs: 588749cf3436a8199e762a8e09bc8de7 -> 
  custom:scripting/monoscript/fileName/NamedValue.cs: 8376b4dcd097f8e75b2f3411208254ef -> 
  custom:scripting/monoscript/fileName/InputBinding.cs: f6fa0e7ca1620e125824ad7aa87dde6a -> 
  custom:scripting/monoscript/fileName/AxisStatePropertyDrawer.cs: 2d807695a513641e771c78e6c342ff04 -> 
  custom:scripting/monoscript/fileName/OnInputSystemEventAnalyser.cs: 5000030ea589a42dacb479a2f3766fbd -> 
  custom:scripting/monoscript/fileName/LegacyTransmissionSettings.cs: 1fb77e256a926c2fbf681e7ba2034986 -> 
  custom:scripting/monoscript/fileName/CinemachineScreenComposerGuides.cs: cdc7ea02ccc4c8d1561d98d16760d1ca -> 
  custom:scripting/monoscript/fileName/InputActionsEditorConstants.cs: 48474179b48b60fb02f5aec59408886a -> 
  custom:scripting/monoscript/fileName/CinemachinePropertyAttribute.cs: e8158d9725ac3a9129a08e46a4ff7519 -> 
  custom:scripting/monoscript/fileName/CinemachineVirtualCameraEditor.cs: 2e051d0c474634e907fe4123d6e2656e -> 
  custom:scripting/monoscript/fileName/PlayerInputManager.cs: d78a6a69863acf031e5348de2108e605 -> 
  custom:scripting/monoscript/fileName/BufferedRumble.cs: 6a480de6b1fe2251e7ff08c4ce4c02ea -> 
  custom:scripting/monoscript/fileName/PointerModel.cs: 71a6371a8f201bacb2e5db4acfc37d66 -> 
  custom:scripting/monoscript/fileName/DelegateHelpers.cs: d5bb425af0b5b02d6700aaef05db5f95 -> 
  custom:scripting/monoscript/fileName/CinemachineSettings.cs: 197f6d5ad32e253546b5afa056a5bba4 -> 
  custom:scripting/monoscript/fileName/Speedometer.cs: 130e12715ab91a3c0214946bec0d6dce -> 
  custom:scripting/monoscript/fileName/AnyKeyControl.cs: 6f6956b0876c685790984c2ec0fb11df -> 
  custom:scripting/monoscript/fileName/BattleRam.cs: 3bfcf4c0a168932366a0c2391e092024 -> 
  custom:scripting/precompiled-assembly-types:Unity.TestTools.CodeCoverage.Editor: 5e2f5a09ae9956d5f2ba8667cf64daf5 -> 
  custom:scripting/monoscript/fileName/XRLayoutBuilder.cs: 21ffc1832cbfeb6035611a9800913395 -> 
  custom:scripting/monoscript/fileName/CinemachineNoiseSettingsEditor.cs: 9056e69d9c759ba2504535054fff31c9 -> 
  custom:scripting/monoscript/fileName/SDLDeviceBuilder.cs: 00cc39ba5b1705d465f85acb258f3546 -> 
  custom:scripting/precompiled-assembly-types:Unity.CollabProxy.Editor: 9fe11a58ab4efabc40e3993980369fc4 -> 
  custom:scripting/monoscript/fileName/EnhancedTouchSupport.cs: 60dfbeffc3a1db5c7c0f9d4fab51a6e1 -> 
  custom:scripting/precompiled-assembly-types:Unity.InputSystem.ForUI: bae848875a35fe96f09fcc9f4e534600 -> 
  custom:scripting/monoscript/fileName/InputManager.cs: dea24e3da8b083e8a28641430520c9c0 -> 
  custom:scripting/monoscript/fileName/InputSystemPlugin.cs: 10a580f1db4a8ef14ffb6c3b099a0564 -> 
  custom:scripting/monoscript/fileName/Vector2Composite.cs: 3c222e4e378dcfe52075de72b9663f60 -> 
  custom:scripting/monoscript/fileName/GetCurrentHapticStateCommand.cs: 4cd4b9a65647c18ded8aa1c4b2b9796f -> 
  custom:scripting/monoscript/fileName/InputExtensions.cs: 8f6f56ef37e3f054a7a7409cdb252c10 -> 
  custom:scripting/monoscript/fileName/CinemachineTriggerAction.cs: cab9c5d02c28af05797c2c3743539bdb -> 
  custom:scripting/precompiled-assembly-types:Unity.Timeline.Editor: 534d7c71c4dd9147ea00599cede121e1 -> 
  custom:scripting/monoscript/fileName/InspectorUtility.cs: d2444697ecf5f370ee1ff9969e9d66f8 -> 1cf92e4af45cb9e9886ec49564b001a9
  custom:scripting/monoscript/fileName/SerializedPropertyHelpers.cs: 54656cf4b888a0555d305d3172f6ef93 -> 
  custom:CustomObjectIndexerAttribute: 43b350a4d6e6d1791af0b5038c4bea17 -> 
  custom:scripting/monoscript/fileName/EffectPoolContainer.cs: e1c73522da135eb88616edf85034d07b -> 
  custom:scripting/monoscript/fileName/InputActionProperty.cs: 1cef8e3bac8177c58bdf00b89999ee70 -> 
  custom:scripting/monoscript/fileName/CarnageSettings.cs: 3e3f1e62a29ab56705abfd5533867165 -> 
  custom:scripting/monoscript/fileName/InputActionImporter.cs: 19c89ffe8a0f97b5dd3ac2a40ca07edb -> 
  custom:scripting/monoscript/fileName/CinemachineBlenderSettingsEditor.cs: c57aa7de12bc3e7367ca091f4902c67b -> 
  custom:scripting/monoscript/fileName/InputEventListener.cs: 752a4fdcf8e5a1b2edb0fe714eecfe1e -> 
  custom:scripting/monoscript/fileName/TypeHelpers.cs: 9fde05372a5fe2745109df4672477f7b -> 
  custom:scripting/monoscript/fileName/InputStateBlock.cs: 979e1ff106f0ac030ea1ea8df905fcdf -> 
  custom:scripting/precompiled-assembly-types:Cinemachine: b1cfa95f717670452ccc6c01a2936d34 -> 
  custom:scripting/monoscript/fileName/CinemachineImpulseDefinition.cs: 3d434086a2bdaf715abf85e79e9f14b4 -> 
  custom:scripting/precompiled-assembly-types:com.unity.cinemachine.editor: 5d513d34ada5a755f2eb9e9536fa5868 -> 
  custom:scripting/monoscript/fileName/PredictiveParser.cs: 11761c981acd9ecbcb551be590127cd5 -> 
  custom:scripting/monoscript/fileName/Touch.cs: aed080cad24aa0b4153e8dc9948b58a5 -> 
  custom:scripting/monoscript/fileName/InputControlPathEditor.cs: c4e4855b2fc09dc4e9adcd9ef893d58e -> 
  custom:scripting/monoscript/fileName/IDualMotorRumble.cs: 5f6a1c243251c71316be36f60e2edc96 -> 
  custom:scripting/monoscript/fileName/DefaultInputActions.cs: 6d325dce06864e239959fec06a7bcb34 -> 
  custom:scripting/monoscript/fileName/SwitchSupportHID.cs: e50c2efa89a2ad634027df9d84b4e3e0 -> 
  custom:scripting/precompiled-assembly-types:Unity.EditorCoroutines.Editor: 939c1390cec4719064bc8982808f80e1 -> 
  custom:scripting/monoscript/fileName/Cinemachine3rdPersonFollowEditor.cs: f79aa162534f81c680877e6274b5d6ec -> 
  custom:scripting/monoscript/fileName/UseWindowsGamingInputCommand.cs: 61fcd09208b8fa2432a7bcd2cc77affa -> 
  custom:scripting/monoscript/fileName/EmbeddedAssetPropertyDrawer.cs: fd7ebc18093de04c88d0cfc86fb060f5 -> 
  custom:scripting/monoscript/fileName/NormalizeVector2Processor.cs: 8bd7d17d8d184d12ee67e83355ec3df6 -> 
  custom:scripting/monoscript/fileName/Projectile.cs: 7f66ad41797bfbf39c64bb6828c5e48e -> 
  custom:scripting/monoscript/fileName/TankControls.cs: 0ecf0b5b4a9207402e80b603ad9a119c -> 
  custom:scripting/monoscript/fileName/BaseInputController.cs: bc525a98bb282f4bb08a64b31ccf8414 -> 
  custom:container-demuxer-webm: 4f35f7cbe854078d1ac9338744f61a02 -> 
  custom:scripting/monoscript/fileName/ConfinerOven.cs: ff23c03e90b61beb34474fc6e4ff668c -> 
  custom:scripting/monoscript/fileName/OneModifierComposite.cs: 2396a536ac3012f9b195d576a48ca0bd -> 
  custom:scripting/monoscript/fileName/XRSupport.cs: ac3cee8b33cb0b849f0005496405c94d -> 
  custom:scripting/monoscript/fileName/InputActionMapDrawer.cs: 116fd0e890ca81f92874fad325884eac -> 
  custom:scripting/monoscript/fileName/InputAction.cs: ac64462c0fc3595515f03f36d4efcbd2 -> 
  custom:scripting/monoscript/fileName/WaveformWindow.cs: 01bbc4fc017d41a2bab7fb57c988e8da -> 
  custom:scripting/monoscript/fileName/CinemachinePipeline.cs: 6ca7a5979a0a73ea1d450a8fc9b437ef -> 
  custom:scripting/monoscript/fileName/DeviceConfigurationEvent.cs: 510c7dba8b40726e797345201b3fa470 -> 
  custom:scripting/monoscript/fileName/InputActionAssetManager.cs: ea530132c4d1b5020dd6e476a2a38fb4 -> 
  custom:scripting/monoscript/fileName/IDualShockHaptics.cs: 3802c2cf67d004ba5d74496df2179836 -> 
  custom:scripting/monoscript/fileName/TankController.cs: 8600f26f97d855d092e999ca9bcd809f -> 
  custom:scripting/monoscript/fileName/VcamStageEditor.cs: 84b0eaf932b448975a99972628e556d8 -> 
  custom:scripting/monoscript/fileName/InputSettings.cs: d7ef7947692727d78270eb2592402c03 -> 
  custom:scripting/monoscript/fileName/CinemachineFramingTransposerEditor.cs: 1653e1c00b2ca68b1d40f01e5bfb8445 -> 
  custom:scripting/monoscript/fileName/TouchPhaseControl.cs: 7512f1f8335d9b1be74dcd0ea47c1e22 -> 
  custom:scripting/monoscript/fileName/CinemachineStateDrivenCameraEditor.cs: 77d9f0a97385f936d9b4ffaa686bce39 -> 
  custom:scripting/monoscript/fileName/OrbitalTransposerHeadingPropertyDrawer.cs: 22496b76ce84f35f630c90badc4babd8 -> 
  custom:scripting/monoscript/fileName/Touchscreen.cs: ffc84b9850e1122be8bdcca9b037294c -> 
  custom:scripting/monoscript/fileName/ProjectilePool.cs: b9c86b49abc368bd14d83f89dc50bb71 -> 
  custom:scripting/monoscript/fileName/WhereObservable.cs: 0cdf409b5aa8d4c25876d72b5c6a3b60 -> 
  custom:scripting/monoscript/fileName/RequestResetCommand.cs: 5a881eceedbc23163d3feb8f09a28034 -> 
  custom:scripting/monoscript/fileName/CinemachinePathEditor.cs: ce10985fbf0e018e2dea63fedae131ba -> 
  custom:scripting/monoscript/fileName/InvertProcessor.cs: 8fef723b3e8cbb132d922876d3097cdd -> 
  custom:scripting/monoscript/fileName/CinemachineCollider.cs: 8fa92f525b1c31cd81812685d7f8c288 -> 
  custom:scripting/monoscript/fileName/EffectPool.cs: 9ef113bbdf9942db982460c1483a5510 -> 
  custom:scripting/monoscript/fileName/UISupport.cs: 4aef61197fdf43dacd2c65403caf85ae -> 
  custom:scripting/monoscript/fileName/InputControlTreeView.cs: 1bdd4cb4dbef8eaf9ad8e2bac2f52d92 -> 
  custom:scripting/monoscript/fileName/InputControlList.cs: 849ed7f5b11c9db237ef61b01c5a5104 -> 
  custom:scripting/monoscript/fileName/CinemachineCollisionImpulseSourceEditor.cs: 29f9a522ec6b23375849ba08fd597c8d -> 
  custom:scripting/monoscript/fileName/SetIMECursorPositionCommand.cs: e9aeee9dfc1e3895d4b1fdbc699ffd99 -> 
  custom:scripting/monoscript/fileName/IViewStateCollection.cs: 1a1a29e9cf9e831fdcf0170a29d9ffa4 -> 
  custom:scripting/monoscript/fileName/SerializedPropertyLinqExtensions.cs: eb3c7e6c13c4deaa409be0505d1c60ed -> 
  custom:scripting/monoscript/fileName/StickDeadzoneProcessor.cs: 6d6058c9ef1ff49292708e93df0f6950 -> 
  custom:scripting/monoscript/fileName/CinemachineInputProvider.cs: ecb845de690695f08b3b3bb647cc7006 -> 
  custom:scripting/monoscript/fileName/CinemachineColliderEditor.cs: 859d1abbd669ee84cb713f6d4d0e1c5f -> 
  custom:scripting/monoscript/fileName/InputRemoting.cs: f8614d7aef4c39466e146a472122fec7 -> 
  custom:scripting/monoscript/fileName/DualShockGamepad.cs: f5f4051139b2f1a41a8085b7526eb7be -> 
  custom:scripting/monoscript/fileName/TrackedDeviceRaycaster.cs: b8a6378867816e80ed0f3d9fe60f3bbe -> 
  custom:scripting/monoscript/fileName/CinemachineExtension.cs: 6968db4afcdc301f6acb1ef4fbadb2f4 -> 
  custom:scripting/monoscript/fileName/CinemachineTargetGroup.cs: 10a09aa736b3a25da6dd9fc3c4dd9d36 -> 
  custom:scripting/monoscript/fileName/Substring.cs: 155bc9f3de23b8c08e135b802ded7331 -> 
  custom:scripting/monoscript/fileName/LegacyTransmissionData.cs: a38e3590b44465951280e7e96f4bbd27 -> 
  custom:scripting/monoscript/fileName/OnScreenControl.cs: 82f54ae925b6933f7962f7d2cbe60763 -> 
  custom:scripting/monoscript/fileName/InputControlPickerState.cs: 5f9b5cb8afce48007728175c3eb057e8 -> 
  custom:scripting/monoscript/fileName/PlayerInputController.cs: 3cc9500a887473097433df5057812558 -> 
  custom:scripting/monoscript/fileName/TrackedDevice.cs: c0a523d9ef4d6df623781ab9912266ea -> 
  custom:scripting/monoscript/fileName/TransmissionSettings.cs: 2a2541a89d185a780b39573fc303c74b -> 
  custom:scripting/monoscript/fileName/InputUser.cs: 36260a9ec48499f72e73f9eafc0552cb -> 
  custom:scripting/precompiled-assembly-types:UnityEditor.UI: 6bae215471362000d6dbd3e0ee304a50 -> 
  custom:scripting/monoscript/fileName/MiscHelpers.cs: d6cca883f594dee23f0feba018b6d615 -> 
  custom:scripting/monoscript/fileName/ExceptionHelpers.cs: efe275f28a8e9b2b00af109efb2e0ab3 -> 
  custom:scripting/monoscript/fileName/NativeInputRuntime.cs: 1afac435db3687569cb35bb179fea323 -> 
  custom:scripting/monoscript/fileName/EmbeddedAssetHelpers.cs: 90647cc400823b41df847a6cbfc29026 -> 
  custom:scripting/monoscript/fileName/WebGLSupport.cs: 654530562f42308f2719cc6498dc6cd4 -> 
  custom:scripting/monoscript/fileName/CinemachineBlendListCamera.cs: 66104ac24fef171d9f5d5b93a8cb2f83 -> 
  custom:scripting/monoscript/fileName/TimelineAssetViewModel.cs: 18a79fa063972d49f8538ad72ae7e75c -> 
  custom:scripting/monoscript/fileName/StickControl.cs: a26eebfd1e1a58f0392d28dd3a767141 -> 
  custom:scripting/monoscript/fileName/AndroidSupport.cs: 9ab785defff34023abc57840edf3d952 -> 
  custom:scripting/monoscript/fileName/CinemachineComponentBase.cs: 5293f153c13e9bd2fc262ec31ff69206 -> 
  custom:scripting/monoscript/fileName/IInputDeviceCommandInfo.cs: 9dd42f14ac828da16c6ba30310467251 -> 
  custom:scripting/monoscript/fileName/BaseEditor.cs: 90647cc400823b41df847a6cbfc29026 -> 
  custom:container-muxer-webm: aa71ff27fc2769a1b78a27578f13a17b -> 
  custom:scripting/monoscript/fileName/InputTestRuntime.cs: d5127b47e25b8c5088abf4e0deaa8d86 -> 
  custom:scripting/monoscript/fileName/ExtendedAxisEventData.cs: 4c1bfc702ee844fc30595587145d523b -> 
  custom:scripting/monoscript/fileName/AxisDeadzoneProcessor.cs: 4ce0869e85b18c3815fae1e784e9f914 -> 
  custom:scripting/monoscript/fileName/EnableDeviceCommand.cs: 03f13a346a45c1316cc4c74086075cbf -> 
  custom:scripting/monoscript/fileName/DualMotorRumbleCommand.cs: fe0683f0fffd14959bf3d500e2cc8956 -> 
  custom:scripting/monoscript/fileName/BaseInputOverride.cs: a912c8e7729c202e46ac536346090423 -> 
  custom:scripting/monoscript/fileName/InputActionDrawerBase.cs: 7678ae39aaf45b1e79da3f1a0f035552 -> 
  custom:scripting/monoscript/fileName/HoldInteraction.cs: d489b50bc685e46cac1f3a9378268f4e -> 
  custom:scripting/monoscript/fileName/AndroidGameController.cs: 983c50cb29c719445cd8ec25f85ff5c0 -> 
  custom:video-decoder-webm-vp8: 9c59270c3fd7afecdb556c50c9e8de78 -> 
  custom:scripting/monoscript/fileName/HIDDescriptorWindow.cs: 6aaa5f652db1e6353aacd01ef4c18854 -> 
  custom:scripting/monoscript/fileName/CinemachineHardLookAt.cs: 792580aec23d39bcecd7ceea4c27a0ce -> 
  custom:scripting/monoscript/fileName/LinuxSupport.cs: 25480eb3c0fe95eb4511ca50e34150d8 -> 
  custom:scripting/monoscript/fileName/CinemachineInputAxisDriver.cs: 7e424e54660fed310c58dc98ea41042e -> 
  custom:scripting/monoscript/fileName/CinemachineStoryboardEditor.cs: 2e7ec8bfb72013eaaff4873a27da019c -> 
  custom:scripting/monoscript/fileName/EnumerableExtensions.cs: ee0912cc6284c651dd85d40fab4256b8 -> 
  custom:scripting/precompiled-assembly-types:Unity.Timeline: b058d380530d91aefff3cf869316d3f0 -> 
  custom:scripting/monoscript/fileName/Vector3Composite.cs: 03fb54f1caeff9fd76135a6140243511 -> 
  custom:scripting/monoscript/fileName/CinemachineBasicMultiChannelPerlin.cs: bd5416e75860cd63657371207eb79058 -> 
  custom:scripting/monoscript/fileName/InputSettingsiOSProvider.cs: 740a15f6b71b62d4d0ab469224856ce4 -> 
  custom:scripting/monoscript/fileName/Vector3Control.cs: e9a096b3ccdb308c7a9d4b5889021b7a -> 
  custom:scripting/monoscript/fileName/iOSSupport.cs: 7d32c4cb2d69af779288f2a9cd8deac0 -> 
  custom:scripting/monoscript/fileName/InputActionTreeViewItems.cs: 60a054e7e783d32e6aa767531543afa7 -> 
  custom:scripting/monoscript/fileName/QueryKeyNameCommand.cs: 37e2ae06bb378bdc7d63674123948cdc -> 
  custom:scripting/monoscript/fileName/TapInteraction.cs: 596bdc6ff1cd547c8cdd5f2cc72ee25a -> 
  custom:scripting/precompiled-assembly-types:Unity.TestTools.CodeCoverage.Editor.OpenCover.Mono.Reflection: 0065f084a5e0ee2eda32260040c06f1b -> 
  custom:scripting/monoscript/fileName/InputActionSerializationHelpers.cs: 9b5c83021d7fdf16fa02001c66bf5d6f -> 
  custom:scripting/precompiled-assembly-types:Unity.VisualScripting.Shared.Editor: b1bd646cbd56acfef4597dda0faf849f -> 
  custom:scripting/monoscript/fileName/InputDebuggerWindow.cs: 1dae732b971e79e790411dffde0dc007 -> 
  custom:SearchIndexIgnoredProperties: e643bd26f0fe6173181afceb89e7c659 -> 
  custom:scripting/monoscript/fileName/ReadOnlyArray.cs: 3483e6d7d8ddcc3c4be5ef7b099dae36 -> 
  custom:scripting/monoscript/fileName/HID.cs: 14ac29e61424a85a621280935b74e9d3 -> 
  custom:scripting/monoscript/fileName/InputActionSetupExtensions.cs: 9f825161e7326e1030e07355fbc72851 -> 
  custom:AudioImporter_EditorPlatform: d09bf68614088b80899f8185d706f6e7 -> 
  custom:scripting/monoscript/fileName/CinemachineMixingCamera.cs: 739c5ceb76c01023f431794ec46a0177 -> 
  custom:scripting/monoscript/fileName/MultiLevelDataSource.cs: f2b2576c0243f129ea7ce41b871724db -> 
  custom:scripting/monoscript/fileName/CinemachinePath.cs: b443d3c8837a65ddc3c78741cd58ec71 -> 
  custom:scripting/monoscript/fileName/PlayerInput.cs: 1cee85eeeadffae2bed639a188980b07 -> 
  custom:scripting/monoscript/fileName/InputProcessor.cs: 3ec0d2c772ab1a7b95e1616ff5397755 -> 
  custom:scripting/monoscript/fileName/SendBufferedHapticsCommand.cs: 3de60d0072c8966f3fa67e7e06b3de82 -> 
  custom:scripting/monoscript/fileName/InputInteractionContext.cs: e9b9207c5a457e9ba1ed5b963caa1c29 -> 
  custom:scripting/monoscript/fileName/TurretController.cs: 55c3e80cbe9b95ef56ccaf6bfa22307e -> 
  custom:scripting/monoscript/fileName/InputActionReference.cs: fbc849277b28f1d12c10638fd6cc5e30 -> 
  custom:scripting/monoscript/fileName/ITextInputReceiver.cs: 8b2979455c8552da770df1cfa8183102 -> 
  custom:scripting/monoscript/fileName/CinemachineImpulseListenerEditor.cs: d5d28e418f87c111bce1c1b98f1f70ba -> 
  custom:scripting/monoscript/fileName/QueryEditorWindowCoordinatesCommand.cs: 0c7e5370fa30be3b2697197e96ebdac1 -> 
  custom:scripting/monoscript/fileName/ScaleProcessor.cs: ea599d555a5ed7276ea05d57b45e43df -> 
  custom:scripting/monoscript/fileName/InputControlScheme.cs: 54ecc2e6b48d0a96beee21c6444842e2 -> 
  custom:scripting/monoscript/fileName/CinemachineDollyCart.cs: bbe9d07f4a2f7ee5ab002e66cb05f922 -> 
  custom:scripting/monoscript/fileName/InputDeviceBuilder.cs: c6e7fb09ff8d2cc0d492291cffb5dd90 -> 
  custom:scripting/monoscript/fileName/LegacyTransmissionSettingsEditor.cs: 5486670ff2c57b97b8e1de8335086095 -> 
  custom:scripting/monoscript/fileName/ReloadIndicator.cs: 4cca0aefd8b1feeb06cb34600664085d -> 
  custom:scripting/monoscript/fileName/CinemachineStoryboard.cs: 59a2099f76be9b47af1e12ed7d40f553 -> 
  custom:scripting/monoscript/fileName/InputUpdateType.cs: abf5b4d2515f610113412cbf99b0e951 -> 
  custom:scripting/precompiled-assembly-types:Unity.VisualScripting.Core.Editor: 8e8584c09862c8c19b9223cc7995d0fa -> 
  custom:scripting/monoscript/fileName/EditorWindowSpaceProcessor.cs: 972d1caf54a44d4a9cecbaa9bedec5ca -> 
  custom:scripting/monoscript/fileName/CinemachinePixelPerfect.cs: 2f42bea4517739481ed2553d1616050e -> 
  custom:scripting/monoscript/fileName/CinemachineTrackedDolly.cs: f6a9c21b27ad86d45f62f6b444ccbb49 -> 
  custom:scripting/monoscript/fileName/InputEditorUserSettings.cs: a0a69ad77f1e5a40ed7ef9025a06e030 -> 
  custom:scripting/monoscript/fileName/CinemachineHardLookAtEditor.cs: 15b8f2af6a6d786898ce5dd6b0db26dc -> 
  custom:scripting/monoscript/fileName/InputActionAsset.cs: 235856b3baea8efeb679f57b86b2e78b -> 
  custom:scripting/monoscript/fileName/InputFeatureNames.cs: 1a316c2d23c80d5649d91f21104b1196 -> 
  custom:scripting/monoscript/fileName/Gamepad.cs: 266a4361e17cc18fb7776706f865b6cc -> 
  custom:scripting/monoscript/fileName/Vector2Control.cs: ad75cbde8c4029137f073e4f44bb18d0 -> 
  custom:scripting/monoscript/fileName/TrackedPoseDriver.cs: 788465d3a9fa832aab77dafce07b03db -> 
  custom:scripting/monoscript/fileName/CinemachineComposer.cs: e399dfd36807c341da7cd182ce299d1e -> 
  custom:scripting/monoscript/fileName/InputControl.cs: beed85fe9b3431d0b1ba03e15cb33fe6 -> 
  custom:scripting/monoscript/fileName/TextMeshProUGUI.cs: b783d06a82b0620f102e3253b4b9fc9b -> 
  custom:scripting/monoscript/fileName/CinemachineTrack.cs: 4b50d47d507c57dc81b82253ec075194 -> 
  custom:scripting/precompiled-assembly-types:UnityEngine.TestRunner: f5758234275f5346968d00e3b1a1c0e4 -> 
  custom:scripting/monoscript/fileName/SkyRotation.cs: 3e9b307fc3cf4aad9120ab07ed3fe351 -> 
  custom:scripting/monoscript/fileName/OnScreenStick.cs: 9c42f0c502d32edf782a820c693d1a78 -> 
  custom:scripting/monoscript/fileName/CinemachineSmoothPathEditor.cs: 7555bcba4eb760e012dd21c6730ae562 -> 
  custom:scripting/monoscript/fileName/NavigationModel.cs: 1c263830c18aeaed6a5f098797d42577 -> 
  custom:scripting/monoscript/fileName/ScriptableObjectUtility.cs: c529d074f6f57a07e3f410d488963bbc -> 
  custom:scripting/precompiled-assembly-types:Unity.Settings.Editor: beb7650f4acfb920369c4b53d5d1d8a0 -> 
  custom:scripting/monoscript/fileName/ScaleVector2Processor.cs: ffa977729ad018813fd2604f3961d4a6 -> 
  custom:scripting/monoscript/fileName/OnScreenSupport.cs: 49400ba586ee250d59e551f6447ee71e -> 
  custom:scripting/monoscript/fileName/InputStateWindow.cs: 07ffe9d19da59cd790dac73385b44113 -> 
  custom:scripting/monoscript/fileName/InputDeviceDescription.cs: b7fafe849135bccdd4576f0a348eb655 -> 
  custom:scripting/monoscript/fileName/WinUserInput.cs: 56506de120dd826b17622d0065c9f5bb -> 
  custom:scripting/monoscript/fileName/ActionEvent.cs: b3ea1ccaeb8c8f45c6b4115a47e7e07f -> 
  custom:scripting/monoscript/fileName/InputControlPickerDropdown.cs: 42f29cccd66ea903b2ff08e0668e70b3 -> 
  custom:scripting/monoscript/fileName/TouchSimulation.cs: feb611e04b376a0121f4ebc0bc2c56ac -> 
  custom:scripting/monoscript/fileName/Observer.cs: 90647cc400823b41df847a6cbfc29026 -> 
  custom:scripting/monoscript/fileName/QueryCanRunInBackground.cs: 0430278e077d59b82dbda0fc3b6d50dd -> 
  custom:scripting/monoscript/fileName/TakeNObservable.cs: 0cdf409b5aa8d4c25876d72b5c6a3b60 -> 
  custom:scripting/monoscript/fileName/TouchPressControl.cs: 32da007e297b36a2fe817f63e5f6bbb5 -> 
  custom:scripting/monoscript/fileName/QueryEnabledStateCommand.cs: 87c8e7655c4949e0535eb54544eb97da -> 
  custom:scripting/monoscript/fileName/InputEvent.cs: fd054d2072bcad44e3a253005347289b -> 
  custom:scripting/monoscript/fileName/ReadOnlyAttribute.cs: a87495da47c6368308d9f2003de1081a -> 
  custom:scripting/monoscript/fileName/CinemachineOrbitalTransposer.cs: 71c52878ba6d43827473a480056a99da -> 
  custom:scripting/monoscript/fileName/InputActionRebindingExtensions.cs: 800aebbd7a30c1f9ff7fb1fa8ee640fa -> 
  custom:scripting/monoscript/fileName/ForDeviceEventObservable.cs: f39d5cdafde47df1f2a834a038b823b7 -> 
  custom:scripting/monoscript/fileName/InputUserAccountHandle.cs: a5f9751051223c483aa2839401cb39cd -> 
  custom:scripting/monoscript/fileName/CinemachinePathBase.cs: debb99764287c54cae06313e2d6a1fe1 -> 
  custom:scripting/monoscript/fileName/CinemachineImpulseSource.cs: ac073b8453e26c5dd422d5f1a90a7ff2 -> 
  custom:scripting/monoscript/fileName/IEventMerger.cs: 1b166203b9c6da6368d80320ec7c9961 -> 
  custom:scripting/monoscript/fileName/UnityConstantExtensions.cs: a5a292d03b0d7bf8f7deabe1f5fad5ff -> 
  custom:scripting/monoscript/fileName/InputEventStream.cs: ea6c76443cc84b1345bb202bc3c6e172 -> 
  custom:scripting/monoscript/fileName/InputActionMap.cs: 7796e3225f536783e555cebebc915987 -> 
  custom:scripting/monoscript/fileName/ButtonWithTwoModifiers.cs: 8fbe9bb2a05d6d8ae165c4af2a58f87a -> 
  custom:scripting/monoscript/fileName/DefaultInputControlPickerLayout.cs: 0d39d096b1a242cb2404a05c8ab9b9dc -> 
  custom:scripting/monoscript/fileName/CinemachineImpulseEnvelopePropertyDrawer.cs: 07e00c9c84964a5c7e4f3f19e4263ec1 -> 
  custom:scripting/monoscript/fileName/SplineHelpers.cs: 9e5bf4293b3828088291b7871e233a27 -> 
  custom:scripting/monoscript/fileName/IOSGameController.cs: dd4dd0e526e0233e35c4166a4e15be3b -> 
  custom:scripting/monoscript/fileName/InputControlLayout.cs: 14cb813b35120ffd242f99d5c15bb438 -> 
  custom:scripting/monoscript/fileName/GetHapticCapabilitiesCommand.cs: cae75b99f8d3e9c6ddab6313911969e6 -> 
  custom:scripting/monoscript/fileName/KeyControl.cs: 8c245292417dc646748409be61bb7b1e -> 
  custom:scripting/monoscript/fileName/InputParameterEditor.cs: 431a7292e136429730776139ea5efe7c -> 
  custom:scripting/monoscript/fileName/PoseControl.cs: 26044499bf9bfd77ab38d92d33de1d80 -> 
  custom:scripting/monoscript/fileName/CinemachineSameAsFollowTargetEditor.cs: 6def40fc1e39b3242347b6630fb5127e -> 
  custom:scripting/monoscript/fileName/InputSystem.cs: 2d04686e597c23245a49375e1fb3215d -> 
  custom:scripting/monoscript/fileName/AudioPool.cs: bc60f60a49633e579348025f3d287c71 -> 
  custom:scripting/monoscript/fileName/OnInputSystemEvent.cs: e171c6b3cddc0b66f4aceeb7d12168cd -> 
  custom:scripting/monoscript/fileName/PlayerInputEditor.cs: d2b3afdcbb77e18a055744ba3890b2dc -> 
  custom:scripting/monoscript/fileName/CinemachineBlendListCameraEditor.cs: dbc12d2a9f3e2999a067290c411b2aca -> 
  custom:scripting/monoscript/fileName/FastMouse.cs: c1eb115b9947f2d7660b6624e6d2a006 -> 
  custom:scripting/monoscript/fileName/CinemachineShot.cs: 3d4d9d05534db20e82d871d98ea52716 -> 
  custom:scripting/monoscript/fileName/UnityVectorExtensions.cs: 052777772edecdffe26d41a6a989641e -> 
  custom:scripting/precompiled-assembly-types:Unity.InputSystem: 4630a0de1535dacf17fab1be90a43557 -> 
  custom:scripting/monoscript/fileName/MultiplayerEventSystem.cs: 05b50b616573877ef9101c0539ee4f31 -> 
  custom:scripting/monoscript/fileName/InputBindingCompositeContext.cs: d2a9f79b307a55dd2196a058ec520c90 -> 
  custom:scripting/monoscript/fileName/CSharpCodeHelpers.cs: d0cc2f7c294cb0d1437e3101c51f7d3e -> 
  custom:scripting/monoscript/fileName/CinemachineBasicMultiChannelPerlinEditor.cs: d6749cd6c482efa27bdd41f60394f1b9 -> 
  custom:scripting/monoscript/fileName/SelectObservable.cs: 0cdf409b5aa8d4c25876d72b5c6a3b60 -> 
  custom:scripting/monoscript/fileName/CinemachineImpulseChannels.cs: a9a39cc5ecea1f083db0fce154eec19c -> 
  custom:scripting/monoscript/fileName/CinemachineHardLockToTarget.cs: d349308c5b4f600a345055c394206f52 -> 
  custom:scripting/monoscript/fileName/CinemachineConfiner2D.cs: beb10be0db8ff9d3a94bd0a150963b9b -> 
  custom:scripting/monoscript/fileName/ICustomDeviceReset.cs: 3b447b167c25000b29105ece94677719 -> 
  custom:scripting/monoscript/fileName/LensSettings.cs: 4335e899502c57ee4480b8c9aa915366 -> 
  custom:scripting/monoscript/fileName/AndroidSensors.cs: 86b1397c0edde5f4948c6f927e39ac2a -> 
  custom:scripting/monoscript/fileName/NumberHelpers.cs: 322df6125e7a7f4f0d1f63844c1365d8 -> 
  custom:scripting/monoscript/fileName/XInputController.cs: 3c93688e4b8cb689f66843b8c8f16884 -> 
  custom:scripting/monoscript/fileName/InputEventPtr.cs: a12d6ebfcf9beb317d1aba534bdcb661 -> 
  custom:scripting/monoscript/fileName/DeltaStateEvent.cs: af7845327b744d1496e77475c17d3b0d -> 
  custom:scripting/monoscript/fileName/Cinemachine3rdPersonAim.cs: 4bd230d915f070bb3cae23bef6f7ab70 -> 
  custom:scripting/monoscript/fileName/InputControlExtensions.cs: ae0219bac3a6c7734d164606a5ed0820 -> 
  custom:scripting/monoscript/fileName/Patrol.cs: c5a7e31a967d1091bea4bd74ea98c2aa -> 
  custom:scripting/monoscript/fileName/ExtendedPointerEventData.cs: f800ca056555c185c05f28019e4b9518 -> 
  custom:scripting/monoscript/fileName/OneOrMore.cs: 0cdf409b5aa8d4c25876d72b5c6a3b60 -> 
  custom:scripting/monoscript/fileName/EditorHelpers.cs: eda3dee24631ee2d7037d1e0dd169286 -> 
  custom:scripting/monoscript/fileName/AxisControl.cs: 68b436317dff8e5185c81d8673960fc4 -> 
  custom:scripting/monoscript/fileName/SavedState.cs: 56a12a9cddf9ae7c17f0f2e9ce84e15c -> 
  custom:scripting/monoscript/fileName/CinemachineImpulseListener.cs: 6aac146243d38e7a67346170caa40ea1 -> 
  custom:scripting/monoscript/fileName/ScriptableObjectInstaller.cs: 8d782cd617294e0d85fbf27fc3778f68 -> 
  custom:scripting/monoscript/fileName/iOSStepCounter.cs: 2c61d0bc46d04bce2f6762804671c954 -> 
  custom:video-encoder-webm-vp8: eb34c28f22e8b96e1ab97ce403110664 -> 
  custom:scripting/monoscript/fileName/SerializedInputActionMap.cs: e95d2d4c78a3c4d8a469e16dec186e8f -> 
  custom:scripting/monoscript/fileName/ProjectileTracker.cs: 28c85ee69573f6618d337b4a69813197 -> 
  custom:scripting/monoscript/fileName/InputControlLayoutAttribute.cs: 8a00dd4a575a7b549eada1a6489a8652 -> 
  custom:scripting/monoscript/fileName/IInputStateTypeInfo.cs: cea8b54e443ea633a8182d334b401856 -> 
  custom:scripting/monoscript/fileName/IInputUpdateCallbackReceiver.cs: ba48e6e35145b7f1ac3afdd775575522 -> 
  custom:scripting/monoscript/fileName/TextEvent.cs: 76acc414d4175dd733571757e9b97806 -> 
  custom:scripting/monoscript/fileName/UnityConstants.cs: 0bccabc832445368c2c3f541773901ad -> 8f7afb61f2b433d3c701afb225319bcb
  custom:scripting/monoscript/fileName/CinemachineMenu.cs: 7b932811d9fa1e44d0d8b2b9ed75adf3 -> 
  custom:scripting/monoscript/fileName/RuntimeUtility.cs: 8c92a9f673836e5d2084dbeb0f10159f -> 
  custom:scripting/monoscript/fileName/InputActionPropertiesView.cs: 87bb23a03865ebab6df4302eab03f8f8 -> 
  custom:scripting/precompiled-assembly-types:Unity.VSCode.Editor: ce0f8be6c84057ddac8877610b9e6a0a -> 
  custom:scripting/monoscript/fileName/QueryPairedUserAccountCommand.cs: 7c1bc8fc23b5eb9e494267177f02f139 -> 
  custom:scripting/monoscript/fileName/CinemachineFreeLook.cs: bebc32b18bc4beddc113bad68624e557 -> 
  custom:scripting/monoscript/fileName/InputActionDrawer.cs: 9b483107b0ea7770f76a7cdd6ff316d0 -> 
  custom:scripting/monoscript/fileName/InputSystemWidget.cs: 8f101911900fd5c78c807da3e1c794a8 -> 
  custom:scripting/monoscript/fileName/TankAudioSystem.cs: aedc822bfd2c381a8fbf0cca5233211e -> 
  custom:scripting/monoscript/fileName/EditorPlayerSettingHelpers.cs: e9960188ed6c5b949b993e59ce59ce87 -> 
  custom:audio-decoder-ogg-vorbis: bf7c407c2cedff20999df2af8eb42d56 -> 
  custom:scripting/monoscript/fileName/CinemachineGroupComposer.cs: 173a689a80ef321c302f9c045419668f -> 
  custom:scripting/monoscript/fileName/CommonUsages.cs: 18408d7225731f5f7bf0e3a3ad47e27f -> 
  custom:scripting/monoscript/fileName/CinemachineVirtualCameraBase.cs: c7e60cccdcb14ee2a33da9fd46c1c54f -> 
  custom:scripting/monoscript/fileName/CinemachineFixedSignal.cs: aedcdca7a861da6e456e0ae105b24c41 -> 
  custom:scripting/monoscript/fileName/InputActionEditorWindow.cs: e72d7d7ff1055479629b55015dfaf76d -> 
  custom:scripting/monoscript/fileName/CinemachineShotClipEditor.cs: 123a48531bf1d1b4f3c8398556caec62 -> 
  custom:scripting/monoscript/fileName/InputAnalytics.cs: 70269303ff292b656bbef56a407380bd -> 
  custom:scripting/monoscript/fileName/CinemachineTouchInputMapper.cs: b9698729a07a7d31c864247e0582b566 -> 
  custom:scripting/monoscript/fileName/TypeTable.cs: a6a17e2e95c02f50895f3adeb936d7ed -> 
  custom:scripting/monoscript/fileName/LinkFileGenerator.cs: 2ed47bf5d52f4c1c29dec48f52ce1e5a -> 
  custom:scripting/monoscript/fileName/AdvancedDropdownGUI.cs: 207e6d663a15858e0a112d6acb1b7040 -> 
  custom:scripting/monoscript/fileName/MultiTapInteraction.cs: 84287a69790c19af273393c4356ab542 -> 
  custom:scripting/monoscript/fileName/InputControlAttribute.cs: b5a64d55a813f6d1227b56436c59c015 -> 
  custom:scripting/monoscript/fileName/AdvancedDropdownItem.cs: e6f1b87cfdf3b7e725137f6813d17509 -> 
  custom:scripting/monoscript/fileName/InputDeviceCommand.cs: d588e191d7cda05d4a0288a8ee1147ba -> 
  custom:scripting/monoscript/fileName/DualShockGamepadHID.cs: 3c5ed97f9b3e5e626f6f09a9f7393581 -> 
  custom:scripting/monoscript/fileName/DisplayStringFormatAttribute.cs: c3a032e117cd328db2f0cf4598514a4e -> 
  custom:scripting/precompiled-assembly-types:Unity.VisualScripting.Flow: 051f017e0284fd495693eebc4c757586 -> 
  custom:scripting/monoscript/fileName/CinemachinePOV.cs: e4df06d1994174afa286b103eb06ee7f -> 
  custom:scripting/monoscript/fileName/IInputControlPickerLayout.cs: be294e73c659279f0b3a534655ea4322 -> 
  custom:scripting/monoscript/fileName/TestInputController.cs: 61ae73651123f941b68cca85b1e7f78a -> 
  custom:scripting/monoscript/fileName/HIDParser.cs: 5e6b09e173e9593382d5e79e226d6494 -> 
  custom:scripting/monoscript/fileName/InputActionTreeView.cs: f3d84e564140a344e0a57a9232bf0ccb -> 
  custom:scripting/monoscript/fileName/CinemachineBlend.cs: f33659d50c4d86144d649aa7e8196529 -> 
  custom:scripting/monoscript/fileName/WindowsMR.cs: 1bb4de47cfd939e21ec4f06c3d56a563 -> 
  custom:scripting/monoscript/fileName/NameAndParameterListView.cs: 95bddb736514603e46d742676b9fb05f -> 
  custom:scripting/monoscript/fileName/CinemachineFreeLookEditor.cs: 9641291977c1891a004ac4c4c259e1c8 -> 
  custom:scripting/monoscript/fileName/ReactiveProperty.cs: 90647cc400823b41df847a6cbfc29026 -> 
  custom:scripting/monoscript/fileName/SpriteUtilities.cs: 5c000e635950e4b0a960602df9fe8ffb -> 
  custom:scripting/monoscript/fileName/InputEventBuffer.cs: 33cbaee6508a09a49b071c485ac9102d -> 
  custom:scripting/monoscript/fileName/CinemachineTransposerEditor.cs: 85841a774ddea4fb7232a7a585f716b4 -> 
  custom:scripting/precompiled-assembly-types:UnityEngine.UI: f762135bac905e34e2b540c872c48817 -> 
  custom:scripting/monoscript/fileName/clipper.cs: 2a50e35a835148907b3c1fa8e187ab2b -> 
  custom:scripting/monoscript/fileName/NoiseSettings.cs: 443d576e0c72ab62870476103c9384ec -> 
  custom:scripting/monoscript/fileName/GaussianFilter.cs: 0a3672ebe80edf7c5daca82445c15683 -> 
  custom:scripting/monoscript/fileName/MonoInstaller.cs: a31c502f0f21cb3bc47ae6cc4f417943 -> 
  custom:scripting/monoscript/fileName/CinemachineSceneTools.cs: d63880a6073ab3335301b115db235b5b -> 
  custom:scripting/monoscript/fileName/InputSystemObject.cs: 9663811dbe13b672cf3c5764a9482504 -> 
  custom:scripting/monoscript/fileName/StateEvent.cs: ecd22adce780bc400b70e46370003b20 -> 
  custom:scripting/monoscript/fileName/EditorInputControlLayoutCache.cs: aa10f55e68ca82913364b6b44aa7f461 -> 
  custom:scripting/monoscript/fileName/InputActionImporterEditor.cs: 0050b2eb2bc3d87733c8c96c41de610b -> 
  custom:scripting/monoscript/fileName/InputEventTrace.cs: 6b04dbd582208bc1f6bf78a5481b91e2 -> 
  custom:scripting/monoscript/fileName/ExpressionUtils.cs: 013fd47e1c2b83228144928557c1ba49 -> 
  custom:scripting/monoscript/fileName/DualMotorRumble.cs: a5c6abaf1032f7b942e62506711d90ba -> 
  custom:scripting/monoscript/fileName/WebGLJoystick.cs: a371b63b19b599ea436e51a8622ae305 -> 
  custom:scripting/monoscript/fileName/CinemachineTriggerActionEditor.cs: 2309a2ec6192ace4cae8bab5a535978e -> 
  custom:scripting/monoscript/fileName/InputActionPropertyDrawer.cs: 19280eef7f6d2b681e448dc21fd2c314 -> 
  custom:scripting/monoscript/fileName/VcamTargetPropertyDrawer.cs: 9208050b1312b118a226fef2d63e8fa1 -> 
  custom:scripting/monoscript/fileName/ButtonControl.cs: 5be55aef70c0999215c87b2ebada03bb -> 
  custom:scripting/monoscript/fileName/CinemachineCollisionImpulseSource.cs: 9aae5e368cb7786be199f98f2122f96d -> 
  custom:scripting/monoscript/fileName/CinemachineClearShotEditor.cs: ca8875b47e775cd361c78158d7923690 -> 
  custom:scripting/monoscript/fileName/RemoteInputPlayerConnection.cs: 959b7c9f720d36172770da64f623d8a3 -> 
  custom:scripting/monoscript/fileName/InputTestFixture.cs: 11f95b08f956d0e0534e403aaea3e0cf -> 
  custom:scripting/monoscript/fileName/CinemachineEditorAnalytics.cs: de76cc292d7ecedcf47af6616498c9f9 -> 
  custom:scripting/monoscript/fileName/TimelineAsset.cs: 922c4504d3900c9d0f1009b93072bf15 -> 
  custom:scripting/monoscript/fileName/Joystick.cs: 1a1d9a9cba7940fed9939f7306abee3f -> 
  custom:scripting/monoscript/fileName/AdvancedDropdownState.cs: f58f4f7e4985491ab3d781ef1400a71e -> 
  custom:scripting/monoscript/fileName/NoiseSettingsPropertyDrawer.cs: 8d3f69ba7eeec63914970bd3136b6ace -> 
  custom:scripting/monoscript/fileName/EnableIMECompositionCommand.cs: 442c712f29199433589d44a5aa77b265 -> 
  custom:scripting/monoscript/fileName/IXboxOneRumble.cs: 1ff76612acedabce48adac10ccc4ff22 -> 
  custom:scripting/monoscript/fileName/CinemachineBrainEditor.cs: 49621d8b7679c0b5d128fef53d55becd -> 
  custom:scripting/monoscript/fileName/TankGameInstaller.cs: 35896d22b7b1e2791233fdc39a74828b -> 
  custom:scripting/monoscript/fileName/CinemachineShotEditor.cs: 2ba28b209a4ad7f0a791994d2360a9af -> 
  custom:scripting/precompiled-assembly-types:Unity.TextMeshPro.Editor: 46ffe279a7239cd1fb74eb9c5ab5b5d8 -> 
  custom:scripting/monoscript/fileName/InputSettingsBuildProvider.cs: 5d0bda9b4dc3704476fdb73c6130f785 -> 
  custom:scripting/monoscript/fileName/Mouse.cs: 51f1aeae346f8ba35ce1eae4cd718ea3 -> 
  custom:scripting/monoscript/fileName/IMECompositionEvent.cs: 17f069477bc4d20ba49d87cb5179ba0d -> 
  custom:scripting/monoscript/fileName/NameAndParameters.cs: 2a9078e35e9bfc491ba2ffb3455b3236 -> 
  custom:scripting/precompiled-assembly-types:Unity.VisualStudio.Editor: 8196c7ff3a716df6975b114b464f1975 -> 
  custom:scripting/monoscript/fileName/AdvancedDropdown.cs: fa69d35a411c6393fda2fd8d798192e5 -> 
  custom:scripting/monoscript/fileName/AdvancedDropdownWindow.cs: 235b2f05f0f17c166eb77c8d57102337 -> 
  custom:scripting/monoscript/fileName/DeltaControl.cs: 6b397435e9b765e741337a7982e0568f -> 
  custom:scripting/monoscript/fileName/InputSettingsiOS.cs: eec21a0f4c50ceb1dd70fcff7ed2d8ce -> 
  custom:scripting/monoscript/fileName/CinemachineHardLockToTargetEditor.cs: c65eaafd47115974a2a9379aae467b0e -> 
  custom:audio-encoder-webm-vorbis: bf7c407c2cedff20999df2af8eb42d56 -> 
  custom:scripting/monoscript/fileName/CameraState.cs: 6ae7088fa20820e052d1e4d86059e90b -> 
  custom:scripting/monoscript/fileName/PropertiesViewBase.cs: ab4a9abc2367374ef408b77c20b6af94 -> 
  custom:scripting/monoscript/fileName/GUIHelpers.cs: 60ae23a9fa510a6b46396be7f79ede40 -> 
  custom:scripting/monoscript/fileName/CinemachineToolbarOverlay.cs: 09bda1968922559d07abc50ff10df86e -> 
  custom:scripting/monoscript/fileName/DiscreteButtonControl.cs: dfa90d972c30096c4f7b7c1be2abf41d -> 
  custom:scripting/precompiled-assembly-types:Assembly-CSharp-Editor: a4538ee8020b1fae94bdc7434a0e9167 -> 
  custom:scripting/monoscript/fileName/QueryDimensionsCommand.cs: 9dede612b2efbec178dc9289429b384b -> 
  custom:scripting/monoscript/fileName/DoubleControl.cs: 0e8ba0ca87f759d63baeef89535dfd87 -> 
  custom:scripting/monoscript/fileName/QueryKeyboardLayoutCommand.cs: 202a87fda801e4aee6e91befbd89e701 -> 
  custom:scripting/monoscript/fileName/CinemachineIndependentImpulseListener.cs: 91ae8748b9c36955c333e57505ff90fb -> 
  custom:scripting/monoscript/fileName/CinemachineMixingCameraEditor.cs: 1c122a21d710512fec62cdc7bd351681 -> 
  custom:scripting/monoscript/fileName/InputStateHistory.cs: 9771bbe5c5afd534a9dc0f8e8f60ae99 -> 
  custom:scripting/monoscript/fileName/CinemachinePostProcessing.cs: bf9b100a1b61fd5383288bc96487c194 -> 
  custom:scripting/monoscript/fileName/TreeViewHelpers.cs: cf522364eff518ecfcf0cf468392474e -> 
  custom:scripting/monoscript/fileName/TrackAsset.cs: 05c366eb01e12385210cbb2c784bc95b -> 
  custom:scripting/monoscript/fileName/CinemachineSameAsFollowTarget.cs: bcfa2d394e1e5460b4ef3dc039214a16 -> 
  custom:scripting/monoscript/fileName/InputValue.cs: 5e873095f1f8f449ce71f7ae265ebfc7 -> 
  custom:scripting/monoscript/fileName/InputActionParameters.cs: 8ec6cd02063bce29fc5f16aa6f97020d -> 
  custom:scripting/monoscript/fileName/CinemachineVirtualCameraBaseEditor.cs: 13ee4931cd85df4b22852d0547b5e690 -> 
  custom:scripting/monoscript/fileName/UpdateTracker.cs: 3dac8a24a32a32e4bbfeb38ed26ef250 -> 
  custom:scripting/monoscript/fileName/InputActionEditorToolbar.cs: 862861ded96be9597dde3c6213c9500e -> 
  custom:scripting/monoscript/fileName/InputSystemUIInputModule.cs: 7c711937d8f4dbfd5b13401c6051fc58 -> 
  custom:scripting/monoscript/fileName/CinemachineComposerEditor.cs: dda533b9c6cb2b366292f584704bd904 -> 
  custom:scripting/monoscript/fileName/IInputDiagnostics.cs: ea6330d075ac249db017e93904b1906b -> 
  custom:scripting/monoscript/fileName/ArrayHelpers.cs: 7478d3b887e0c3afe312a1585d7ab77d -> 
  custom:scripting/monoscript/fileName/InputControlPath.cs: bc2fac94a36cbab9b49a74e253baa4f5 -> 
  custom:scripting/monoscript/fileName/Cinemachine3rdPersonFollow.cs: 4600bac2bdf6b37d80e86f9aa5a413c3 -> 
  custom:scripting/monoscript/fileName/DynamicBitfield.cs: 340e19ce1cb6f81a8185cbb2bbc79160 -> 
  custom:scripting/monoscript/fileName/CompensateDirectionProcessor.cs: 8b43e411f5b52e59e2993a5277f0d2e2 -> 
  custom:scripting/precompiled-assembly-types:Unity.TextMeshPro: 59230975e8163396a463bd906828ec67 -> 
  custom:scripting/monoscript/fileName/DeviceRemoveEvent.cs: 33979af4133f057c53fed833232d5335 -> 
  custom:scripting/precompiled-assembly-types:UnityEditor.TestRunner: 1b08a5e3d69264f3b8177a3e839577fe -> 
  custom:scripting/monoscript/fileName/FastKeyboard.cs: 517b983862044be24636f4f20b4c6b8c -> 
  custom:scripting/monoscript/fileName/OSXSupport.cs: 63316ac61e481390e31b5b83b851ef9a -> 
  custom:scripting/monoscript/fileName/TimelineWindow.cs: 1ecae22b1c6d42e0f96084d9a8d5699a -> 
  custom:scripting/monoscript/fileName/SendHapticImpulseCommand.cs: f861e3878e1b38fdc5e7357d87264e9e -> 
  custom:scripting/precompiled-assembly-types:Assembly-CSharp: 7a8de844831f47ebde2bdab5bd3e5657 -> 
  custom:scripting/monoscript/fileName/GameObjectPool.cs: 90647cc400823b41df847a6cbfc29026 -> 
  custom:scripting/monoscript/fileName/CompensateRotationProcessor.cs: d5a3722c29051a4adb0efee7e4989a0c -> 
  custom:scripting/monoscript/fileName/InputAction_DirectConverter.cs: 10397d04d305c6e7d90b09edbb081ce9 -> 
  custom:scripting/monoscript/fileName/DeviceResetEvent.cs: 7e1e07844ad3da9d24238e0ee1f42c17 -> 
  custom:scripting/precompiled-assembly-types:Unity.Rider.Editor: 0e7cc708fb6b95473b4f84d2eac23d14 -> 
  custom:scripting/monoscript/fileName/IInputStateCallbackReceiver.cs: 186de0ed698901e9bd4fe43876d2eb6b -> 
  custom:scripting/monoscript/fileName/InputBindingResolver.cs: 5c7308cba04403c2ec02473a20595c74 -> 
  custom:scripting/monoscript/fileName/PlayerInputManagerEditor.cs: 373859aaf721662fa2d3a5008109e828 -> 
  custom:scripting/monoscript/fileName/WebGLGamepad.cs: 38d4094cfcfa00e7b8f84db2e77d746c -> 
  custom:scripting/monoscript/fileName/InputManagerStateMonitors.cs: dea24e3da8b083e8a28641430520c9c0 -> 
  custom:scripting/monoscript/fileName/InputBindingPropertiesView.cs: c3a43f9e3c4cf814c7eae92d616bfbaf -> 
  custom:scripting/monoscript/fileName/CinemachineInputCustomProvider.cs: 318ad111bf5ec60b152004be4f5fe218 -> 
  custom:scripting/monoscript/fileName/InputState.cs: aac8577aed515a34370fbda6b0c1e20e -> 
  custom:scripting/monoscript/fileName/SaveDuringPlay.cs: de39f1962b337699845d3d8a2e8f5bde -> 
  custom:scripting/precompiled-assembly-types:Unity.VisualScripting.Flow.Editor: a9205de5ba5a9c2138f1b5ba0ad4ec3e -> 
